Called with args:
Namespace(cache_dir=None, cfg_file=None, data_dir='/home/mat/thesis/data2', db_name='waymo', dbval_name='voc_2007_test', en_aleatoric=0, en_epistemic=0, en_fpn=0, en_full_net=2, fixed_blocks=-1, iter=41, max_iters=400000, net='res101', net_type='lidar', preload=1, scale=1.0, set_cfgs=None, tag=None, train_batch_size=None, trainval_batch_size=None, uc_sort_type=None, weights_file='/home/mat/thesis/data2/waymo/weights/aug25/lidar_waymo_3ch_rpn_85k.pth')
Using config:
{'ANCHOR_RATIOS': [0.5, 1, 2],
 'ANCHOR_SCALES': [8, 16, 32],
 'CACHE_DIR': '',
 'CADC': {'IMG_SIZE': [624, 1280], 'LIDAR_MAX_RANGE': 200, 'MAX_FRAME': 10000},
 'DATA_DIR': '/home/mat/thesis/data2',
 'DB_NAME': 'waymo',
 'DEBUG': {'DRAW_ANCHORS': False,
           'DRAW_ANCHOR_T': False,
           'DRAW_MINIBATCH': False,
           'DRAW_PROPOSAL_T': False,
           'EN': False,
           'EN_TEST_MSG': True,
           'FREEZE_DB': False,
           'FREEZE_DB_INDS': 3,
           'PRINT_SCENE_RESULT': False,
           'TEST_FRAME_PRINT': False},
 'ENABLE_CUSTOM_TAIL': False,
 'ENABLE_FULL_NET': True,
 'EXP_DIR': 'res101',
 'GRAD_MAX_CLIP': 20,
 'IMAGE': {'NUM_BBOX_ELEM': 4},
 'KITTI': {'IMG_SIZE': [375, 1242], 'LIDAR_MAX_RANGE': 120, 'MAX_FRAME': 10000},
 'LIDAR': {'ANCHORS': array([[4.73, 2.08, 1.77]]),
           'ANCHOR_ANGLES': array([0.        , 1.57079633]),
           'ANCHOR_SCALES': array([[1]]),
           'EN_AUG_DROPOUT': False,
           'EN_AUG_FLIPS': False,
           'EN_AUG_GAUSS_DISTORT': False,
           'EN_AUG_ROTATE': False,
           'EN_AUG_SWAP_X_Y': False,
           'EN_RY_SIN': True,
           'EVAL_TYPE': 'bev',
           'MAX_NUM_VOXEL': 25000,
           'MAX_PTS_PER_VOXEL': 32,
           'NUM_BBOX_ELEM': 7,
           'NUM_CHANNEL': 15,
           'NUM_META_CHANNEL': 3,
           'NUM_SLICES': 12,
           'REG_LOSS_WEIGHT': [1.0, 1.0, 1.0, 1.0, 1.0, 1.0, 1.0],
           'SHUFFLE_PC': False,
           'VOXEL_HEIGHT': 0.5,
           'VOXEL_LEN': 0.1,
           'X_RANGE': [0, 70],
           'Y_RANGE': [-40, 40],
           'Z_RANGE': [-3, 3]},
 'MATLAB': 'matlab',
 'MAX_IMG_PER_SCENE': 1000,
 'MOBILENET': {'DEPTH_MULTIPLIER': 1.0,
               'FIXED_LAYERS': 5,
               'REGU_DEPTH': False,
               'WEIGHT_DECAY': 4e-05},
 'NET_TYPE': 'lidar',
 'NUM_SCENES': 210,
 'PIXEL_ARRANGE': [0, 1, 2],
 'PIXEL_ARRANGE_BGR': [2, 1, 0],
 'PIXEL_MEANS': array([[[96.866, 98.76 , 93.85 ]]]),
 'PIXEL_STDDEVS': array([[[1, 1, 1]]]),
 'POOLING_MODE': 'align',
 'POOLING_SIZE': 7,
 'PRELOAD': True,
 'PRELOAD_FULL': False,
 'RESNET': {'FIXED_BLOCKS': -1, 'MAX_POOL': False},
 'RNG_SEED': 3,
 'ROOT_DIR': '/home/mat/thesis/faster_rcnn_pytorch_multimodal',
 'RPN_CHANNELS': 512,
 'SCALE_LOC': 6,
 'TEST': {'AUGMENT_EN': False,
          'BBOX_REG': True,
          'CADC_FILTER_LIST': ['none', 'light', 'medium', 'heavy', 'extreme'],
          'DROPOUT_EN': False,
          'EN_AUX_FEATURES': False,
          'HAS_RPN': True,
          'IGNORE_DC': False,
          'ITER': 1,
          'MODE': 'nms',
          'NMS_THRESH': 0.1,
          'PROPOSAL_METHOD': 'gt',
          'RAIN_RATE': 15,
          'RAIN_SIM_EN': False,
          'RPN_NMS_THRESH': 0.7,
          'RPN_POST_NMS_TOP_N': 300,
          'RPN_PRE_NMS_TOP_N': 6000,
          'RPN_TOP_N': 5000,
          'SCALES': [1.0],
          'SVM': False,
          'TOD_FILTER_LIST': ['Day', 'Night', 'Dawn/Dusk']},
 'TRAIN': {'AUGMENT_EN': True,
           'BATCH_SIZE': 16,
           'BBOX_INSIDE_WEIGHTS': [1.0, 1.0, 1.0, 1.0],
           'BBOX_NORMALIZE_TARGETS': True,
           'BBOX_NORMALIZE_TARGETS_PRECOMPUTED': True,
           'BBOX_REG': True,
           'BG_THRESH_HI': 0.5,
           'BG_THRESH_LO': 0.0,
           'BIAS_DECAY': False,
           'CADC_FILTER_LIST': ['none', 'light', 'medium', 'heavy', 'extreme'],
           'DC_THRESH': 0.5,
           'DISPLAY': 512,
           'DOUBLE_BIAS': False,
           'DRAW_ROIDB_GEN': False,
           'DRAW_VAL_DETECTIONS': True,
           'FG_FRACTION': 0.25,
           'FG_THRESH': 0.6,
           'FRAMES_PER_BATCH': 1,
           'GAMMA': 0.1,
           'HAS_RPN': True,
           'IGNORE_DC': False,
           'IMAGE': {'BBOX_NORMALIZE_MEANS': [0.0, 0.0, 0.0, 0.0],
                     'BBOX_NORMALIZE_STDS': [0.1, 0.1, 0.2, 0.2]},
           'ITER': 41,
           'LEARNING_RATE': 0.02,
           'LIDAR': {'BBOX_NORMALIZE_MEANS': [0.0,
                                              0.0,
                                              0.0,
                                              0.0,
                                              0.0,
                                              0.0,
                                              0.0],
                     'BBOX_NORMALIZE_STDS': [0.1,
                                             0.1,
                                             0.1,
                                             0.2,
                                             0.2,
                                             0.2,
                                             1.0]},
           'MOMENTUM': 0.5,
           'PROPOSAL_METHOD': 'gt',
           'ROI_BATCH_SIZE': 256,
           'RPN_BATCHSIZE': 256,
           'RPN_BBOX_INSIDE_WEIGHTS': [1.0, 1.0, 1.0, 1.0],
           'RPN_CLOBBER_POSITIVES': False,
           'RPN_FG_FRACTION': 0.5,
           'RPN_NEGATIVE_OVERLAP': 0.3,
           'RPN_NMS_THRESH': 0.7,
           'RPN_POSITIVE_OVERLAP': 0.7,
           'RPN_POSITIVE_WEIGHT': -1.0,
           'RPN_POST_NMS_TOP_N': 2000,
           'RPN_PRE_NMS_TOP_N': 12000,
           'SCALES': [1.0],
           'SNAPSHOT_ITERS': 5000,
           'SNAPSHOT_KEPT': 30,
           'SNAPSHOT_PREFIX': 'res101_faster_rcnn',
           'STEPSIZE': [70000, 140000, 210000],
           'SUMMARY_INTERVAL': 15,
           'TOD_FILTER_LIST': ['Day', 'Night', 'Dawn/Dusk'],
           'TRUNCATED': False,
           'USE_ALL_GT': False,
           'USE_FLIPPED': True,
           'USE_GT': False,
           'VAL_AUGMENT_EN': False,
           'VAL_BATCH_SIZE': 32,
           'WEIGHT_DECAY': 0.0001},
 'UC': {'A_NUM_BBOX_SAMPLE': 200,
        'A_NUM_CE_SAMPLE': 200,
        'EN_BBOX_ALEATORIC': False,
        'EN_BBOX_EPISTEMIC': False,
        'EN_BBOX_EPISTEMIC_INV_TRANSFORM': False,
        'EN_CLS_ALEATORIC': False,
        'EN_CLS_EPISTEMIC': False,
        'EN_RPN_BBOX_ALEATORIC': False,
        'EN_RPN_BBOX_EPISTEMIC': False,
        'EN_RPN_CLS_ALEATORIC': False,
        'EN_RPN_CLS_EPISTEMIC': False,
        'E_NUM_SAMPLE': 100,
        'SORT_TYPE': ''},
 'USE_FPN': False,
 'USE_GPU_NMS': True,
 'USE_LIDAR_FPN': False,
 'WAYMO': {'LIDAR_MAX_RANGE': 200}}
db mode: train
Loaded dataset `waymo` for training
Set proposal method: gt
getting ROIDB Ready for mode train
waymo gt roidb loaded from /home/mat/thesis/data2/waymo/cache/waymo_train_lidar_gt_roidb.pkl
getting ROIDB Ready for mode val
waymo gt roidb loaded from /home/mat/thesis/data2/waymo/cache/waymo_val_lidar_gt_roidb.pkl
75654 roidb entries
7560 val roidb entries
Output will be saved to `/home/mat/thesis/faster_rcnn_pytorch_multimodal/output/res101/waymo/lidar_train_all_41`
TensorFlow summaries will be saved to `/home/mat/thesis/faster_rcnn_pytorch_multimodal/tensorboard/res101/waymo/lidar_train_all_41`
db: waymo
Solving...
Loading initial model weights from /home/mat/thesis/data2/waymo/weights/aug25/lidar_waymo_3ch_rpn_85k.pth
Loaded.
data generator starting up
data generator starting up
performing summary at iteration: 256
performing summary at iteration: 512
speed: 0.504s / iter
data_gen timer: 0.060s / iter
performing summary at iteration: 768
performing summary at iteration: 1024
speed: 0.527s / iter
data_gen timer: 0.061s / iter
performing summary at iteration: 1280
performing summary at iteration: 1536
speed: 0.521s / iter
data_gen timer: 0.061s / iter
performing summary at iteration: 1792
performing summary at iteration: 2048
speed: 0.524s / iter
data_gen timer: 0.061s / iter
performing summary at iteration: 2304
performing summary at iteration: 2560
speed: 0.520s / iter
data_gen timer: 0.061s / iter
performing summary at iteration: 2816
performing summary at iteration: 3072
speed: 0.519s / iter
data_gen timer: 0.062s / iter
performing summary at iteration: 3328
performing summary at iteration: 3584
speed: 0.517s / iter
data_gen timer: 0.062s / iter
performing summary at iteration: 3840
performing summary at iteration: 4096
speed: 0.520s / iter
data_gen timer: 0.062s / iter
performing summary at iteration: 4352
performing summary at iteration: 4608
speed: 0.516s / iter
data_gen timer: 0.061s / iter
performing summary at iteration: 4864
Saving BEV map file at location /home/mat/thesis/faster_rcnn_pytorch_multimodal/output/res101/waymo/lidar_train_all_41/trainval_drawn/iter_5000_0093140.png
Saving BEV map file at location /home/mat/thesis/faster_rcnn_pytorch_multimodal/output/res101/waymo/lidar_train_all_41/trainval_drawn/iter_5001_0102075.png
Saving BEV map file at location /home/mat/thesis/faster_rcnn_pytorch_multimodal/output/res101/waymo/lidar_train_all_41/trainval_drawn/iter_5002_0045100.png
Saving BEV map file at location /home/mat/thesis/faster_rcnn_pytorch_multimodal/output/res101/waymo/lidar_train_all_41/trainval_drawn/iter_5003_0172080.png
Saving BEV map file at location /home/mat/thesis/faster_rcnn_pytorch_multimodal/output/res101/waymo/lidar_train_all_41/trainval_drawn/iter_5004_0084120.png
Saving BEV map file at location /home/mat/thesis/faster_rcnn_pytorch_multimodal/output/res101/waymo/lidar_train_all_41/trainval_drawn/iter_5005_0090060.png
Saving BEV map file at location /home/mat/thesis/faster_rcnn_pytorch_multimodal/output/res101/waymo/lidar_train_all_41/trainval_drawn/iter_5006_0059050.png
Saving BEV map file at location /home/mat/thesis/faster_rcnn_pytorch_multimodal/output/res101/waymo/lidar_train_all_41/trainval_drawn/iter_5007_0033085.png
Saving BEV map file at location /home/mat/thesis/faster_rcnn_pytorch_multimodal/output/res101/waymo/lidar_train_all_41/trainval_drawn/iter_5008_0001105.png
Saving BEV map file at location /home/mat/thesis/faster_rcnn_pytorch_multimodal/output/res101/waymo/lidar_train_all_41/trainval_drawn/iter_5009_0184185.png
Saving BEV map file at location /home/mat/thesis/faster_rcnn_pytorch_multimodal/output/res101/waymo/lidar_train_all_41/trainval_drawn/iter_5010_0020040.png
Saving BEV map file at location /home/mat/thesis/faster_rcnn_pytorch_multimodal/output/res101/waymo/lidar_train_all_41/trainval_drawn/iter_5011_0164075.png
Saving BEV map file at location /home/mat/thesis/faster_rcnn_pytorch_multimodal/output/res101/waymo/lidar_train_all_41/trainval_drawn/iter_5012_0115120.png
Saving BEV map file at location /home/mat/thesis/faster_rcnn_pytorch_multimodal/output/res101/waymo/lidar_train_all_41/trainval_drawn/iter_5013_0190180.png
Saving BEV map file at location /home/mat/thesis/faster_rcnn_pytorch_multimodal/output/res101/waymo/lidar_train_all_41/trainval_drawn/iter_5014_0029145.png
Saving BEV map file at location /home/mat/thesis/faster_rcnn_pytorch_multimodal/output/res101/waymo/lidar_train_all_41/trainval_drawn/iter_5015_0027070.png
Saving BEV map file at location /home/mat/thesis/faster_rcnn_pytorch_multimodal/output/res101/waymo/lidar_train_all_41/trainval_drawn/iter_5016_0057020.png
Saving BEV map file at location /home/mat/thesis/faster_rcnn_pytorch_multimodal/output/res101/waymo/lidar_train_all_41/trainval_drawn/iter_5017_0078020.png
Saving BEV map file at location /home/mat/thesis/faster_rcnn_pytorch_multimodal/output/res101/waymo/lidar_train_all_41/trainval_drawn/iter_5018_0103160.png
Saving BEV map file at location /home/mat/thesis/faster_rcnn_pytorch_multimodal/output/res101/waymo/lidar_train_all_41/trainval_drawn/iter_5019_0116030.png
Saving BEV map file at location /home/mat/thesis/faster_rcnn_pytorch_multimodal/output/res101/waymo/lidar_train_all_41/trainval_drawn/iter_5020_0160060.png
Saving BEV map file at location /home/mat/thesis/faster_rcnn_pytorch_multimodal/output/res101/waymo/lidar_train_all_41/trainval_drawn/iter_5021_0039130.png
Saving BEV map file at location /home/mat/thesis/faster_rcnn_pytorch_multimodal/output/res101/waymo/lidar_train_all_41/trainval_drawn/iter_5022_0188100.png
Saving BEV map file at location /home/mat/thesis/faster_rcnn_pytorch_multimodal/output/res101/waymo/lidar_train_all_41/trainval_drawn/iter_5023_0102065.png
Saving BEV map file at location /home/mat/thesis/faster_rcnn_pytorch_multimodal/output/res101/waymo/lidar_train_all_41/trainval_drawn/iter_5024_0193025.png
Saving BEV map file at location /home/mat/thesis/faster_rcnn_pytorch_multimodal/output/res101/waymo/lidar_train_all_41/trainval_drawn/iter_5025_0112115.png
Saving BEV map file at location /home/mat/thesis/faster_rcnn_pytorch_multimodal/output/res101/waymo/lidar_train_all_41/trainval_drawn/iter_5026_0138035.png
no detections for image over threshold 0.4
draw and save: No detections for pc /home/mat/thesis/data2/waymo/val/point_clouds/0166065.npy, class: 1
Saving BEV map file at location /home/mat/thesis/faster_rcnn_pytorch_multimodal/output/res101/waymo/lidar_train_all_41/trainval_drawn/iter_5027_0166065.png
Saving BEV map file at location /home/mat/thesis/faster_rcnn_pytorch_multimodal/output/res101/waymo/lidar_train_all_41/trainval_drawn/iter_5028_0039060.png
Saving BEV map file at location /home/mat/thesis/faster_rcnn_pytorch_multimodal/output/res101/waymo/lidar_train_all_41/trainval_drawn/iter_5029_0184040.png
Saving BEV map file at location /home/mat/thesis/faster_rcnn_pytorch_multimodal/output/res101/waymo/lidar_train_all_41/trainval_drawn/iter_5030_0023055.png
Saving BEV map file at location /home/mat/thesis/faster_rcnn_pytorch_multimodal/output/res101/waymo/lidar_train_all_41/trainval_drawn/iter_5031_0127115.png
Wrote snapshot to: /home/mat/thesis/faster_rcnn_pytorch_multimodal/output/res101/waymo/lidar_train_all_41/lidar_res101_faster_rcnn_iter_5000.pth
saving at 32 [3573 3864 1772 ... 2924 5551  551]
saving at 5000 [73183 58044 61944 ... 59011 67224 71530]
performing summary at iteration: 5120
speed: 0.528s / iter
data_gen timer: 0.064s / iter
performing summary at iteration: 5376
performing summary at iteration: 5632
speed: 0.524s / iter
data_gen timer: 0.064s / iter
performing summary at iteration: 5888
performing summary at iteration: 6144
speed: 0.525s / iter
data_gen timer: 0.063s / iter
performing summary at iteration: 6400
performing summary at iteration: 6656
speed: 0.519s / iter
data_gen timer: 0.063s / iter
performing summary at iteration: 6912
performing summary at iteration: 7168
speed: 0.514s / iter
data_gen timer: 0.063s / iter
performing summary at iteration: 7424
performing summary at iteration: 7680
speed: 0.509s / iter
data_gen timer: 0.063s / iter
performing summary at iteration: 7936
performing summary at iteration: 8192
speed: 0.506s / iter
data_gen timer: 0.063s / iter
performing summary at iteration: 8448
performing summary at iteration: 8704
speed: 0.503s / iter
data_gen timer: 0.063s / iter
performing summary at iteration: 8960
performing summary at iteration: 9216
speed: 0.500s / iter
data_gen timer: 0.063s / iter
performing summary at iteration: 9472
performing summary at iteration: 9728
speed: 0.498s / iter
data_gen timer: 0.063s / iter
performing summary at iteration: 9984
Saving BEV map file at location /home/mat/thesis/faster_rcnn_pytorch_multimodal/output/res101/waymo/lidar_train_all_41/trainval_drawn/iter_10000_0019125.png
Saving BEV map file at location /home/mat/thesis/faster_rcnn_pytorch_multimodal/output/res101/waymo/lidar_train_all_41/trainval_drawn/iter_10001_0114175.png
Saving BEV map file at location /home/mat/thesis/faster_rcnn_pytorch_multimodal/output/res101/waymo/lidar_train_all_41/trainval_drawn/iter_10002_0130075.png
Saving BEV map file at location /home/mat/thesis/faster_rcnn_pytorch_multimodal/output/res101/waymo/lidar_train_all_41/trainval_drawn/iter_10003_0105115.png
Saving BEV map file at location /home/mat/thesis/faster_rcnn_pytorch_multimodal/output/res101/waymo/lidar_train_all_41/trainval_drawn/iter_10004_0156060.png
Saving BEV map file at location /home/mat/thesis/faster_rcnn_pytorch_multimodal/output/res101/waymo/lidar_train_all_41/trainval_drawn/iter_10005_0020125.png
Saving BEV map file at location /home/mat/thesis/faster_rcnn_pytorch_multimodal/output/res101/waymo/lidar_train_all_41/trainval_drawn/iter_10006_0171010.png
Saving BEV map file at location /home/mat/thesis/faster_rcnn_pytorch_multimodal/output/res101/waymo/lidar_train_all_41/trainval_drawn/iter_10007_0098190.png
no detections for image over threshold 0.4
draw and save: No detections for pc /home/mat/thesis/data2/waymo/val/point_clouds/0201160.npy, class: 1
Saving BEV map file at location /home/mat/thesis/faster_rcnn_pytorch_multimodal/output/res101/waymo/lidar_train_all_41/trainval_drawn/iter_10008_0201160.png
Saving BEV map file at location /home/mat/thesis/faster_rcnn_pytorch_multimodal/output/res101/waymo/lidar_train_all_41/trainval_drawn/iter_10009_0132020.png
Saving BEV map file at location /home/mat/thesis/faster_rcnn_pytorch_multimodal/output/res101/waymo/lidar_train_all_41/trainval_drawn/iter_10010_0043155.png
Saving BEV map file at location /home/mat/thesis/faster_rcnn_pytorch_multimodal/output/res101/waymo/lidar_train_all_41/trainval_drawn/iter_10011_0014070.png
Saving BEV map file at location /home/mat/thesis/faster_rcnn_pytorch_multimodal/output/res101/waymo/lidar_train_all_41/trainval_drawn/iter_10012_0014135.png
Saving BEV map file at location /home/mat/thesis/faster_rcnn_pytorch_multimodal/output/res101/waymo/lidar_train_all_41/trainval_drawn/iter_10013_0119005.png
Saving BEV map file at location /home/mat/thesis/faster_rcnn_pytorch_multimodal/output/res101/waymo/lidar_train_all_41/trainval_drawn/iter_10014_0045105.png
Saving BEV map file at location /home/mat/thesis/faster_rcnn_pytorch_multimodal/output/res101/waymo/lidar_train_all_41/trainval_drawn/iter_10015_0128075.png
Saving BEV map file at location /home/mat/thesis/faster_rcnn_pytorch_multimodal/output/res101/waymo/lidar_train_all_41/trainval_drawn/iter_10016_0078070.png
Saving BEV map file at location /home/mat/thesis/faster_rcnn_pytorch_multimodal/output/res101/waymo/lidar_train_all_41/trainval_drawn/iter_10017_0156150.png
Saving BEV map file at location /home/mat/thesis/faster_rcnn_pytorch_multimodal/output/res101/waymo/lidar_train_all_41/trainval_drawn/iter_10018_0128030.png
Saving BEV map file at location /home/mat/thesis/faster_rcnn_pytorch_multimodal/output/res101/waymo/lidar_train_all_41/trainval_drawn/iter_10019_0009050.png
Saving BEV map file at location /home/mat/thesis/faster_rcnn_pytorch_multimodal/output/res101/waymo/lidar_train_all_41/trainval_drawn/iter_10020_0059080.png
Saving BEV map file at location /home/mat/thesis/faster_rcnn_pytorch_multimodal/output/res101/waymo/lidar_train_all_41/trainval_drawn/iter_10021_0012040.png
Saving BEV map file at location /home/mat/thesis/faster_rcnn_pytorch_multimodal/output/res101/waymo/lidar_train_all_41/trainval_drawn/iter_10022_0066195.png
Saving BEV map file at location /home/mat/thesis/faster_rcnn_pytorch_multimodal/output/res101/waymo/lidar_train_all_41/trainval_drawn/iter_10023_0105090.png
Saving BEV map file at location /home/mat/thesis/faster_rcnn_pytorch_multimodal/output/res101/waymo/lidar_train_all_41/trainval_drawn/iter_10024_0176170.png
Saving BEV map file at location /home/mat/thesis/faster_rcnn_pytorch_multimodal/output/res101/waymo/lidar_train_all_41/trainval_drawn/iter_10025_0143150.png
no detections for image over threshold 0.4
draw and save: No detections for pc /home/mat/thesis/data2/waymo/val/point_clouds/0191195.npy, class: 1
Saving BEV map file at location /home/mat/thesis/faster_rcnn_pytorch_multimodal/output/res101/waymo/lidar_train_all_41/trainval_drawn/iter_10026_0191195.png
Saving BEV map file at location /home/mat/thesis/faster_rcnn_pytorch_multimodal/output/res101/waymo/lidar_train_all_41/trainval_drawn/iter_10027_0140100.png
Saving BEV map file at location /home/mat/thesis/faster_rcnn_pytorch_multimodal/output/res101/waymo/lidar_train_all_41/trainval_drawn/iter_10028_0069015.png
Saving BEV map file at location /home/mat/thesis/faster_rcnn_pytorch_multimodal/output/res101/waymo/lidar_train_all_41/trainval_drawn/iter_10029_0004090.png
Saving BEV map file at location /home/mat/thesis/faster_rcnn_pytorch_multimodal/output/res101/waymo/lidar_train_all_41/trainval_drawn/iter_10030_0014095.png
Saving BEV map file at location /home/mat/thesis/faster_rcnn_pytorch_multimodal/output/res101/waymo/lidar_train_all_41/trainval_drawn/iter_10031_0201125.png
Wrote snapshot to: /home/mat/thesis/faster_rcnn_pytorch_multimodal/output/res101/waymo/lidar_train_all_41/lidar_res101_faster_rcnn_iter_10000.pth
saving at 64 [3573 3864 1772 ... 2924 5551  551]
saving at 10000 [73183 58044 61944 ... 59011 67224 71530]
performing summary at iteration: 10240
speed: 0.501s / iter
data_gen timer: 0.064s / iter
performing summary at iteration: 10496
performing summary at iteration: 10752
speed: 0.499s / iter
data_gen timer: 0.064s / iter
performing summary at iteration: 11008
performing summary at iteration: 11264
speed: 0.497s / iter
data_gen timer: 0.063s / iter
performing summary at iteration: 11520
performing summary at iteration: 11776
speed: 0.504s / iter
data_gen timer: 0.063s / iter
performing summary at iteration: 12032
performing summary at iteration: 12288
speed: 0.509s / iter
data_gen timer: 0.063s / iter
performing summary at iteration: 12544
performing summary at iteration: 12800
speed: 0.516s / iter
data_gen timer: 0.063s / iter
performing summary at iteration: 13056
performing summary at iteration: 13312
speed: 0.523s / iter
data_gen timer: 0.063s / iter
performing summary at iteration: 13568
performing summary at iteration: 13824
speed: 0.529s / iter
data_gen timer: 0.063s / iter
performing summary at iteration: 14080
performing summary at iteration: 14336
speed: 0.534s / iter
data_gen timer: 0.063s / iter
performing summary at iteration: 14592
performing summary at iteration: 14848
speed: 0.539s / iter
data_gen timer: 0.063s / iter
Saving BEV map file at location /home/mat/thesis/faster_rcnn_pytorch_multimodal/output/res101/waymo/lidar_train_all_41/trainval_drawn/iter_15000_0144190.png
Saving BEV map file at location /home/mat/thesis/faster_rcnn_pytorch_multimodal/output/res101/waymo/lidar_train_all_41/trainval_drawn/iter_15001_0143025.png
no detections for image over threshold 0.4
draw and save: No detections for pc /home/mat/thesis/data2/waymo/val/point_clouds/0151175.npy, class: 1
Saving BEV map file at location /home/mat/thesis/faster_rcnn_pytorch_multimodal/output/res101/waymo/lidar_train_all_41/trainval_drawn/iter_15002_0151175.png
Saving BEV map file at location /home/mat/thesis/faster_rcnn_pytorch_multimodal/output/res101/waymo/lidar_train_all_41/trainval_drawn/iter_15003_0014100.png
Saving BEV map file at location /home/mat/thesis/faster_rcnn_pytorch_multimodal/output/res101/waymo/lidar_train_all_41/trainval_drawn/iter_15004_0005070.png
Saving BEV map file at location /home/mat/thesis/faster_rcnn_pytorch_multimodal/output/res101/waymo/lidar_train_all_41/trainval_drawn/iter_15005_0069085.png
Saving BEV map file at location /home/mat/thesis/faster_rcnn_pytorch_multimodal/output/res101/waymo/lidar_train_all_41/trainval_drawn/iter_15006_0032125.png
Saving BEV map file at location /home/mat/thesis/faster_rcnn_pytorch_multimodal/output/res101/waymo/lidar_train_all_41/trainval_drawn/iter_15007_0139100.png
Saving BEV map file at location /home/mat/thesis/faster_rcnn_pytorch_multimodal/output/res101/waymo/lidar_train_all_41/trainval_drawn/iter_15008_0012120.png
Saving BEV map file at location /home/mat/thesis/faster_rcnn_pytorch_multimodal/output/res101/waymo/lidar_train_all_41/trainval_drawn/iter_15009_0128140.png
Saving BEV map file at location /home/mat/thesis/faster_rcnn_pytorch_multimodal/output/res101/waymo/lidar_train_all_41/trainval_drawn/iter_15010_0182000.png
Saving BEV map file at location /home/mat/thesis/faster_rcnn_pytorch_multimodal/output/res101/waymo/lidar_train_all_41/trainval_drawn/iter_15011_0088135.png
Saving BEV map file at location /home/mat/thesis/faster_rcnn_pytorch_multimodal/output/res101/waymo/lidar_train_all_41/trainval_drawn/iter_15012_0171100.png
Saving BEV map file at location /home/mat/thesis/faster_rcnn_pytorch_multimodal/output/res101/waymo/lidar_train_all_41/trainval_drawn/iter_15013_0177170.png
Saving BEV map file at location /home/mat/thesis/faster_rcnn_pytorch_multimodal/output/res101/waymo/lidar_train_all_41/trainval_drawn/iter_15014_0182150.png
Saving BEV map file at location /home/mat/thesis/faster_rcnn_pytorch_multimodal/output/res101/waymo/lidar_train_all_41/trainval_drawn/iter_15015_0190170.png
Saving BEV map file at location /home/mat/thesis/faster_rcnn_pytorch_multimodal/output/res101/waymo/lidar_train_all_41/trainval_drawn/iter_15016_0054095.png
Saving BEV map file at location /home/mat/thesis/faster_rcnn_pytorch_multimodal/output/res101/waymo/lidar_train_all_41/trainval_drawn/iter_15017_0174075.png
Saving BEV map file at location /home/mat/thesis/faster_rcnn_pytorch_multimodal/output/res101/waymo/lidar_train_all_41/trainval_drawn/iter_15018_0193030.png
Saving BEV map file at location /home/mat/thesis/faster_rcnn_pytorch_multimodal/output/res101/waymo/lidar_train_all_41/trainval_drawn/iter_15019_0150075.png
Saving BEV map file at location /home/mat/thesis/faster_rcnn_pytorch_multimodal/output/res101/waymo/lidar_train_all_41/trainval_drawn/iter_15020_0059035.png
Saving BEV map file at location /home/mat/thesis/faster_rcnn_pytorch_multimodal/output/res101/waymo/lidar_train_all_41/trainval_drawn/iter_15021_0050015.png
Saving BEV map file at location /home/mat/thesis/faster_rcnn_pytorch_multimodal/output/res101/waymo/lidar_train_all_41/trainval_drawn/iter_15022_0152145.png
Saving BEV map file at location /home/mat/thesis/faster_rcnn_pytorch_multimodal/output/res101/waymo/lidar_train_all_41/trainval_drawn/iter_15023_0100030.png
Saving BEV map file at location /home/mat/thesis/faster_rcnn_pytorch_multimodal/output/res101/waymo/lidar_train_all_41/trainval_drawn/iter_15024_0118090.png
Saving BEV map file at location /home/mat/thesis/faster_rcnn_pytorch_multimodal/output/res101/waymo/lidar_train_all_41/trainval_drawn/iter_15025_0013175.png
Saving BEV map file at location /home/mat/thesis/faster_rcnn_pytorch_multimodal/output/res101/waymo/lidar_train_all_41/trainval_drawn/iter_15026_0158055.png
Saving BEV map file at location /home/mat/thesis/faster_rcnn_pytorch_multimodal/output/res101/waymo/lidar_train_all_41/trainval_drawn/iter_15027_0001100.png
Saving BEV map file at location /home/mat/thesis/faster_rcnn_pytorch_multimodal/output/res101/waymo/lidar_train_all_41/trainval_drawn/iter_15028_0182110.png
Saving BEV map file at location /home/mat/thesis/faster_rcnn_pytorch_multimodal/output/res101/waymo/lidar_train_all_41/trainval_drawn/iter_15029_0164145.png
Saving BEV map file at location /home/mat/thesis/faster_rcnn_pytorch_multimodal/output/res101/waymo/lidar_train_all_41/trainval_drawn/iter_15030_0029140.png
Saving BEV map file at location /home/mat/thesis/faster_rcnn_pytorch_multimodal/output/res101/waymo/lidar_train_all_41/trainval_drawn/iter_15031_0055105.png
Wrote snapshot to: /home/mat/thesis/faster_rcnn_pytorch_multimodal/output/res101/waymo/lidar_train_all_41/lidar_res101_faster_rcnn_iter_15000.pth
saving at 96 [3573 3864 1772 ... 2924 5551  551]
saving at 15000 [73183 58044 61944 ... 59011 67224 71530]
performing summary at iteration: 15104
performing summary at iteration: 15360
speed: 0.547s / iter
data_gen timer: 0.063s / iter
performing summary at iteration: 15616
performing summary at iteration: 15872
speed: 0.552s / iter
data_gen timer: 0.064s / iter
performing summary at iteration: 16128
performing summary at iteration: 16384
speed: 0.555s / iter
data_gen timer: 0.064s / iter
performing summary at iteration: 16640
performing summary at iteration: 16896
speed: 0.559s / iter
data_gen timer: 0.064s / iter
performing summary at iteration: 17152
performing summary at iteration: 17408
speed: 0.563s / iter
data_gen timer: 0.064s / iter
performing summary at iteration: 17664
performing summary at iteration: 17920
speed: 0.567s / iter
data_gen timer: 0.065s / iter
performing summary at iteration: 18176
performing summary at iteration: 18432
speed: 0.571s / iter
data_gen timer: 0.065s / iter
performing summary at iteration: 18688
performing summary at iteration: 18944
speed: 0.573s / iter
data_gen timer: 0.065s / iter
performing summary at iteration: 19200
performing summary at iteration: 19456
speed: 0.577s / iter
data_gen timer: 0.065s / iter
performing summary at iteration: 19712
performing summary at iteration: 19968
speed: 0.579s / iter
data_gen timer: 0.065s / iter
Saving BEV map file at location /home/mat/thesis/faster_rcnn_pytorch_multimodal/output/res101/waymo/lidar_train_all_41/trainval_drawn/iter_20000_0181185.png
Saving BEV map file at location /home/mat/thesis/faster_rcnn_pytorch_multimodal/output/res101/waymo/lidar_train_all_41/trainval_drawn/iter_20001_0135060.png
Saving BEV map file at location /home/mat/thesis/faster_rcnn_pytorch_multimodal/output/res101/waymo/lidar_train_all_41/trainval_drawn/iter_20002_0135155.png
Saving BEV map file at location /home/mat/thesis/faster_rcnn_pytorch_multimodal/output/res101/waymo/lidar_train_all_41/trainval_drawn/iter_20003_0003145.png
Saving BEV map file at location /home/mat/thesis/faster_rcnn_pytorch_multimodal/output/res101/waymo/lidar_train_all_41/trainval_drawn/iter_20004_0065150.png
Saving BEV map file at location /home/mat/thesis/faster_rcnn_pytorch_multimodal/output/res101/waymo/lidar_train_all_41/trainval_drawn/iter_20005_0018040.png
Saving BEV map file at location /home/mat/thesis/faster_rcnn_pytorch_multimodal/output/res101/waymo/lidar_train_all_41/trainval_drawn/iter_20006_0180175.png
Saving BEV map file at location /home/mat/thesis/faster_rcnn_pytorch_multimodal/output/res101/waymo/lidar_train_all_41/trainval_drawn/iter_20007_0020000.png
Saving BEV map file at location /home/mat/thesis/faster_rcnn_pytorch_multimodal/output/res101/waymo/lidar_train_all_41/trainval_drawn/iter_20008_0046090.png
Saving BEV map file at location /home/mat/thesis/faster_rcnn_pytorch_multimodal/output/res101/waymo/lidar_train_all_41/trainval_drawn/iter_20009_0011105.png
Saving BEV map file at location /home/mat/thesis/faster_rcnn_pytorch_multimodal/output/res101/waymo/lidar_train_all_41/trainval_drawn/iter_20010_0104095.png
Saving BEV map file at location /home/mat/thesis/faster_rcnn_pytorch_multimodal/output/res101/waymo/lidar_train_all_41/trainval_drawn/iter_20011_0105085.png
Saving BEV map file at location /home/mat/thesis/faster_rcnn_pytorch_multimodal/output/res101/waymo/lidar_train_all_41/trainval_drawn/iter_20012_0148005.png
Saving BEV map file at location /home/mat/thesis/faster_rcnn_pytorch_multimodal/output/res101/waymo/lidar_train_all_41/trainval_drawn/iter_20013_0149190.png
Saving BEV map file at location /home/mat/thesis/faster_rcnn_pytorch_multimodal/output/res101/waymo/lidar_train_all_41/trainval_drawn/iter_20014_0097095.png
Saving BEV map file at location /home/mat/thesis/faster_rcnn_pytorch_multimodal/output/res101/waymo/lidar_train_all_41/trainval_drawn/iter_20015_0157010.png
Saving BEV map file at location /home/mat/thesis/faster_rcnn_pytorch_multimodal/output/res101/waymo/lidar_train_all_41/trainval_drawn/iter_20016_0180015.png
Saving BEV map file at location /home/mat/thesis/faster_rcnn_pytorch_multimodal/output/res101/waymo/lidar_train_all_41/trainval_drawn/iter_20017_0024180.png
Saving BEV map file at location /home/mat/thesis/faster_rcnn_pytorch_multimodal/output/res101/waymo/lidar_train_all_41/trainval_drawn/iter_20018_0025025.png
Saving BEV map file at location /home/mat/thesis/faster_rcnn_pytorch_multimodal/output/res101/waymo/lidar_train_all_41/trainval_drawn/iter_20019_0176175.png
Saving BEV map file at location /home/mat/thesis/faster_rcnn_pytorch_multimodal/output/res101/waymo/lidar_train_all_41/trainval_drawn/iter_20020_0058135.png
Saving BEV map file at location /home/mat/thesis/faster_rcnn_pytorch_multimodal/output/res101/waymo/lidar_train_all_41/trainval_drawn/iter_20021_0023070.png
Saving BEV map file at location /home/mat/thesis/faster_rcnn_pytorch_multimodal/output/res101/waymo/lidar_train_all_41/trainval_drawn/iter_20022_0106140.png
Saving BEV map file at location /home/mat/thesis/faster_rcnn_pytorch_multimodal/output/res101/waymo/lidar_train_all_41/trainval_drawn/iter_20023_0060025.png
Saving BEV map file at location /home/mat/thesis/faster_rcnn_pytorch_multimodal/output/res101/waymo/lidar_train_all_41/trainval_drawn/iter_20024_0010120.png
Saving BEV map file at location /home/mat/thesis/faster_rcnn_pytorch_multimodal/output/res101/waymo/lidar_train_all_41/trainval_drawn/iter_20025_0178085.png
Saving BEV map file at location /home/mat/thesis/faster_rcnn_pytorch_multimodal/output/res101/waymo/lidar_train_all_41/trainval_drawn/iter_20026_0154080.png
Saving BEV map file at location /home/mat/thesis/faster_rcnn_pytorch_multimodal/output/res101/waymo/lidar_train_all_41/trainval_drawn/iter_20027_0139060.png
Saving BEV map file at location /home/mat/thesis/faster_rcnn_pytorch_multimodal/output/res101/waymo/lidar_train_all_41/trainval_drawn/iter_20028_0159115.png
Saving BEV map file at location /home/mat/thesis/faster_rcnn_pytorch_multimodal/output/res101/waymo/lidar_train_all_41/trainval_drawn/iter_20029_0196050.png
Saving BEV map file at location /home/mat/thesis/faster_rcnn_pytorch_multimodal/output/res101/waymo/lidar_train_all_41/trainval_drawn/iter_20030_0149040.png
Saving BEV map file at location /home/mat/thesis/faster_rcnn_pytorch_multimodal/output/res101/waymo/lidar_train_all_41/trainval_drawn/iter_20031_0083045.png
Wrote snapshot to: /home/mat/thesis/faster_rcnn_pytorch_multimodal/output/res101/waymo/lidar_train_all_41/lidar_res101_faster_rcnn_iter_20000.pth
saving at 128 [3573 3864 1772 ... 2924 5551  551]
saving at 20000 [73183 58044 61944 ... 59011 67224 71530]
performing summary at iteration: 20224
performing summary at iteration: 20480
speed: 0.584s / iter
data_gen timer: 0.065s / iter
performing summary at iteration: 20736
performing summary at iteration: 20992
speed: 0.586s / iter
data_gen timer: 0.065s / iter
performing summary at iteration: 21248
performing summary at iteration: 21504
speed: 0.587s / iter
data_gen timer: 0.065s / iter
performing summary at iteration: 21760
performing summary at iteration: 22016
speed: 0.588s / iter
data_gen timer: 0.065s / iter
performing summary at iteration: 22272
performing summary at iteration: 22528
speed: 0.590s / iter
data_gen timer: 0.065s / iter
performing summary at iteration: 22784
performing summary at iteration: 23040
speed: 0.591s / iter
data_gen timer: 0.065s / iter
performing summary at iteration: 23296
performing summary at iteration: 23552
speed: 0.592s / iter
data_gen timer: 0.065s / iter
performing summary at iteration: 23808
performing summary at iteration: 24064
speed: 0.594s / iter
data_gen timer: 0.065s / iter
performing summary at iteration: 24320
performing summary at iteration: 24576
speed: 0.595s / iter
data_gen timer: 0.065s / iter
performing summary at iteration: 24832
Saving BEV map file at location /home/mat/thesis/faster_rcnn_pytorch_multimodal/output/res101/waymo/lidar_train_all_41/trainval_drawn/iter_25000_0156155.png
Saving BEV map file at location /home/mat/thesis/faster_rcnn_pytorch_multimodal/output/res101/waymo/lidar_train_all_41/trainval_drawn/iter_25001_0189025.png
Saving BEV map file at location /home/mat/thesis/faster_rcnn_pytorch_multimodal/output/res101/waymo/lidar_train_all_41/trainval_drawn/iter_25002_0015110.png
Saving BEV map file at location /home/mat/thesis/faster_rcnn_pytorch_multimodal/output/res101/waymo/lidar_train_all_41/trainval_drawn/iter_25003_0193150.png
Saving BEV map file at location /home/mat/thesis/faster_rcnn_pytorch_multimodal/output/res101/waymo/lidar_train_all_41/trainval_drawn/iter_25004_0189115.png
Saving BEV map file at location /home/mat/thesis/faster_rcnn_pytorch_multimodal/output/res101/waymo/lidar_train_all_41/trainval_drawn/iter_25005_0107045.png
Saving BEV map file at location /home/mat/thesis/faster_rcnn_pytorch_multimodal/output/res101/waymo/lidar_train_all_41/trainval_drawn/iter_25006_0002095.png
Saving BEV map file at location /home/mat/thesis/faster_rcnn_pytorch_multimodal/output/res101/waymo/lidar_train_all_41/trainval_drawn/iter_25007_0045135.png
Saving BEV map file at location /home/mat/thesis/faster_rcnn_pytorch_multimodal/output/res101/waymo/lidar_train_all_41/trainval_drawn/iter_25008_0070145.png
Saving BEV map file at location /home/mat/thesis/faster_rcnn_pytorch_multimodal/output/res101/waymo/lidar_train_all_41/trainval_drawn/iter_25009_0156075.png
Saving BEV map file at location /home/mat/thesis/faster_rcnn_pytorch_multimodal/output/res101/waymo/lidar_train_all_41/trainval_drawn/iter_25010_0056085.png
Saving BEV map file at location /home/mat/thesis/faster_rcnn_pytorch_multimodal/output/res101/waymo/lidar_train_all_41/trainval_drawn/iter_25011_0045160.png
Saving BEV map file at location /home/mat/thesis/faster_rcnn_pytorch_multimodal/output/res101/waymo/lidar_train_all_41/trainval_drawn/iter_25012_0083030.png
Saving BEV map file at location /home/mat/thesis/faster_rcnn_pytorch_multimodal/output/res101/waymo/lidar_train_all_41/trainval_drawn/iter_25013_0179025.png
Saving BEV map file at location /home/mat/thesis/faster_rcnn_pytorch_multimodal/output/res101/waymo/lidar_train_all_41/trainval_drawn/iter_25014_0106155.png
Saving BEV map file at location /home/mat/thesis/faster_rcnn_pytorch_multimodal/output/res101/waymo/lidar_train_all_41/trainval_drawn/iter_25015_0191185.png
Saving BEV map file at location /home/mat/thesis/faster_rcnn_pytorch_multimodal/output/res101/waymo/lidar_train_all_41/trainval_drawn/iter_25016_0078010.png
Saving BEV map file at location /home/mat/thesis/faster_rcnn_pytorch_multimodal/output/res101/waymo/lidar_train_all_41/trainval_drawn/iter_25017_0161115.png
Saving BEV map file at location /home/mat/thesis/faster_rcnn_pytorch_multimodal/output/res101/waymo/lidar_train_all_41/trainval_drawn/iter_25018_0068040.png
Saving BEV map file at location /home/mat/thesis/faster_rcnn_pytorch_multimodal/output/res101/waymo/lidar_train_all_41/trainval_drawn/iter_25019_0112185.png
Saving BEV map file at location /home/mat/thesis/faster_rcnn_pytorch_multimodal/output/res101/waymo/lidar_train_all_41/trainval_drawn/iter_25020_0024115.png
Saving BEV map file at location /home/mat/thesis/faster_rcnn_pytorch_multimodal/output/res101/waymo/lidar_train_all_41/trainval_drawn/iter_25021_0141090.png
Saving BEV map file at location /home/mat/thesis/faster_rcnn_pytorch_multimodal/output/res101/waymo/lidar_train_all_41/trainval_drawn/iter_25022_0200085.png
Saving BEV map file at location /home/mat/thesis/faster_rcnn_pytorch_multimodal/output/res101/waymo/lidar_train_all_41/trainval_drawn/iter_25023_0132130.png
Saving BEV map file at location /home/mat/thesis/faster_rcnn_pytorch_multimodal/output/res101/waymo/lidar_train_all_41/trainval_drawn/iter_25024_0048060.png
Saving BEV map file at location /home/mat/thesis/faster_rcnn_pytorch_multimodal/output/res101/waymo/lidar_train_all_41/trainval_drawn/iter_25025_0109065.png
Saving BEV map file at location /home/mat/thesis/faster_rcnn_pytorch_multimodal/output/res101/waymo/lidar_train_all_41/trainval_drawn/iter_25026_0173080.png
Saving BEV map file at location /home/mat/thesis/faster_rcnn_pytorch_multimodal/output/res101/waymo/lidar_train_all_41/trainval_drawn/iter_25027_0163175.png
Saving BEV map file at location /home/mat/thesis/faster_rcnn_pytorch_multimodal/output/res101/waymo/lidar_train_all_41/trainval_drawn/iter_25028_0134020.png
Saving BEV map file at location /home/mat/thesis/faster_rcnn_pytorch_multimodal/output/res101/waymo/lidar_train_all_41/trainval_drawn/iter_25029_0078195.png
no detections for image over threshold 0.4
draw and save: No detections for pc /home/mat/thesis/data2/waymo/val/point_clouds/0168035.npy, class: 1
Saving BEV map file at location /home/mat/thesis/faster_rcnn_pytorch_multimodal/output/res101/waymo/lidar_train_all_41/trainval_drawn/iter_25030_0168035.png
Saving BEV map file at location /home/mat/thesis/faster_rcnn_pytorch_multimodal/output/res101/waymo/lidar_train_all_41/trainval_drawn/iter_25031_0043000.png