Called with args:
Namespace(cache_dir=None, cfg_file=None, data_dir='/home/mat/thesis/data2', db_name='waymo', dbval_name='voc_2007_test', en_aleatoric=1, en_epistemic=1, en_fpn=0, en_full_net=1, fixed_blocks=-1, iter=24, max_iters=400000, net='res101', net_type='lidar', preload=2, scale=1.0, set_cfgs=None, tag=None, train_batch_size=None, trainval_batch_size=None, uc_sort_type='a_bbox_var', weights_file='/home/mat/thesis/data2/waymo/weights/aug24/lidar_95k.pth')
Using config:
{'ANCHOR_RATIOS': [0.5, 1, 2],
 'ANCHOR_SCALES': [8, 16, 32],
 'CACHE_DIR': '',
 'CADC': {'IMG_SIZE': [624, 1280], 'LIDAR_MAX_RANGE': 200, 'MAX_FRAME': 10000},
 'DATA_DIR': '/home/mat/thesis/data2',
 'DB_NAME': 'waymo',
 'DEBUG': {'DRAW_ANCHORS': False,
           'DRAW_ANCHOR_T': False,
           'DRAW_MINIBATCH': False,
           'DRAW_PROPOSAL_T': False,
           'EN': False,
           'EN_TEST_MSG': True,
           'FREEZE_DB': False,
           'FREEZE_DB_INDS': 3,
           'PRINT_SCENE_RESULT': False,
           'TEST_FRAME_PRINT': False},
 'ENABLE_CUSTOM_TAIL': False,
 'ENABLE_FULL_NET': True,
 'EXP_DIR': 'res101',
 'GRAD_MAX_CLIP': 20,
 'IMAGE': {'NUM_BBOX_ELEM': 4},
 'KITTI': {'IMG_SIZE': [375, 1242], 'LIDAR_MAX_RANGE': 120, 'MAX_FRAME': 10000},
 'LIDAR': {'ANCHORS': array([[4.73, 2.08, 1.77]]),
           'ANCHOR_ANGLES': array([0.        , 1.57079633]),
           'ANCHOR_SCALES': array([[1]]),
           'EN_RY_SIN': True,
           'MAX_NUM_VOXEL': 25000,
           'MAX_PTS_PER_VOXEL': 32,
           'NUM_BBOX_ELEM': 7,
           'NUM_CHANNEL': 15,
           'NUM_META_CHANNEL': 3,
           'NUM_SLICES': 12,
           'REG_LOSS_WEIGHT': [1.0, 1.0, 1.0, 1.0, 1.0, 1.0, 1.0],
           'SHUFFLE_PC': False,
           'VOXEL_HEIGHT': 0.5,
           'VOXEL_LEN': 0.1,
           'X_RANGE': [0, 70],
           'Y_RANGE': [-40, 40],
           'Z_RANGE': [-3, 3]},
 'MATLAB': 'matlab',
 'MAX_IMG_PER_SCENE': 1000,
 'MOBILENET': {'DEPTH_MULTIPLIER': 1.0,
               'FIXED_LAYERS': 5,
               'REGU_DEPTH': False,
               'WEIGHT_DECAY': 4e-05},
 'NET_TYPE': 'lidar',
 'NUM_SCENES': 210,
 'PIXEL_ARRANGE': [0, 1, 2],
 'PIXEL_ARRANGE_BGR': [2, 1, 0],
 'PIXEL_MEANS': array([[[96.866, 98.76 , 93.85 ]]]),
 'PIXEL_STDDEVS': array([[[1, 1, 1]]]),
 'POOLING_MODE': 'align',
 'POOLING_SIZE': 7,
 'PRELOAD': False,
 'PRELOAD_FULL': True,
 'RESNET': {'FIXED_BLOCKS': -1, 'MAX_POOL': False},
 'RNG_SEED': 3,
 'ROOT_DIR': '/home/mat/thesis/faster_rcnn_pytorch_multimodal',
 'RPN_CHANNELS': 512,
 'SCALE_LOC': 6,
 'TEST': {'AUGMENT_EN': False,
          'BBOX_REG': True,
          'CADC_FILTER_LIST': ['none', 'light', 'medium', 'heavy', 'extreme'],
          'DROPOUT_EN': False,
          'EN_AUX_FEATURES': False,
          'HAS_RPN': True,
          'IGNORE_DC': False,
          'ITER': 1,
          'MODE': 'nms',
          'NMS_THRESH': 0.3,
          'PROPOSAL_METHOD': 'gt',
          'RAIN_RATE': 15,
          'RAIN_SIM_EN': False,
          'RPN_NMS_THRESH': 0.7,
          'RPN_POST_NMS_TOP_N': 300,
          'RPN_PRE_NMS_TOP_N': 6000,
          'RPN_TOP_N': 5000,
          'SCALES': [1.0],
          'SVM': False,
          'TOD_FILTER_LIST': ['Day', 'Night', 'Dawn/Dusk']},
 'TRAIN': {'AUGMENT_EN': True,
           'BATCH_SIZE': 16,
           'BBOX_INSIDE_WEIGHTS': [1.0, 1.0, 1.0, 1.0],
           'BBOX_NORMALIZE_TARGETS': True,
           'BBOX_NORMALIZE_TARGETS_PRECOMPUTED': True,
           'BBOX_REG': True,
           'BG_THRESH_HI': 0.5,
           'BG_THRESH_LO': 0.0,
           'BIAS_DECAY': False,
           'CADC_FILTER_LIST': ['none', 'light', 'medium', 'heavy', 'extreme'],
           'DC_THRESH': 0.5,
           'DISPLAY': 512,
           'DOUBLE_BIAS': False,
           'DRAW_ROIDB_GEN': False,
           'DRAW_VAL_DETECTIONS': True,
           'FG_FRACTION': 0.25,
           'FG_THRESH': 0.6,
           'FRAMES_PER_BATCH': 1,
           'GAMMA': 0.1,
           'HAS_RPN': True,
           'IGNORE_DC': False,
           'IMAGE': {'BBOX_NORMALIZE_MEANS': [0.0, 0.0, 0.0, 0.0],
                     'BBOX_NORMALIZE_STDS': [0.1, 0.1, 0.2, 0.2]},
           'ITER': 24,
           'LEARNING_RATE': 0.02,
           'LIDAR': {'BBOX_NORMALIZE_MEANS': [0.0,
                                              0.0,
                                              0.0,
                                              0.0,
                                              0.0,
                                              0.0,
                                              0.0],
                     'BBOX_NORMALIZE_STDS': [0.1,
                                             0.1,
                                             0.1,
                                             0.2,
                                             0.2,
                                             0.2,
                                             1.0]},
           'MOMENTUM': 0.5,
           'PROPOSAL_METHOD': 'gt',
           'ROI_BATCH_SIZE': 256,
           'RPN_BATCHSIZE': 256,
           'RPN_BBOX_INSIDE_WEIGHTS': [1.0, 1.0, 1.0, 1.0],
           'RPN_CLOBBER_POSITIVES': False,
           'RPN_FG_FRACTION': 0.5,
           'RPN_NEGATIVE_OVERLAP': 0.3,
           'RPN_NMS_THRESH': 0.7,
           'RPN_POSITIVE_OVERLAP': 0.7,
           'RPN_POSITIVE_WEIGHT': -1.0,
           'RPN_POST_NMS_TOP_N': 2000,
           'RPN_PRE_NMS_TOP_N': 12000,
           'SCALES': [1.0],
           'SNAPSHOT_ITERS': 5000,
           'SNAPSHOT_KEPT': 30,
           'SNAPSHOT_PREFIX': 'res101_faster_rcnn',
           'STEPSIZE': [70000, 140000, 210000],
           'SUMMARY_INTERVAL': 15,
           'TOD_FILTER_LIST': ['Day', 'Night', 'Dawn/Dusk'],
           'TRUNCATED': False,
           'USE_ALL_GT': False,
           'USE_FLIPPED': True,
           'USE_GT': False,
           'VAL_AUGMENT_EN': False,
           'VAL_BATCH_SIZE': 16,
           'WEIGHT_DECAY': 0.0001},
 'UC': {'A_NUM_BBOX_SAMPLE': 200,
        'A_NUM_CE_SAMPLE': 200,
        'EN_BBOX_ALEATORIC': True,
        'EN_BBOX_EPISTEMIC': True,
        'EN_BBOX_EPISTEMIC_INV_TRANSFORM': False,
        'EN_CLS_ALEATORIC': True,
        'EN_CLS_EPISTEMIC': True,
        'EN_RPN_BBOX_ALEATORIC': False,
        'EN_RPN_BBOX_EPISTEMIC': False,
        'EN_RPN_CLS_ALEATORIC': False,
        'EN_RPN_CLS_EPISTEMIC': False,
        'E_NUM_SAMPLE': 1,
        'SORT_TYPE': 'a_bbox_var'},
 'USE_FPN': False,
 'USE_GPU_NMS': True,
 'USE_LIDAR_FPN': False,
 'WAYMO': {'LIDAR_MAX_RANGE': 200}}
db mode: train
Loaded dataset `waymo` for training
Set proposal method: gt
getting ROIDB Ready for mode train
waymo gt roidb loaded from /home/mat/thesis/data2/waymo/cache/waymo_train_lidar_gt_roidb.pkl
getting ROIDB Ready for mode val
waymo gt roidb loaded from /home/mat/thesis/data2/waymo/cache/waymo_val_lidar_gt_roidb.pkl
75654 roidb entries
37471 val roidb entries
Output will be saved to `/home/mat/thesis/faster_rcnn_pytorch_multimodal/output/res101/waymo/lidar_a_bbox_a_cls_e_bbox_e_cls_train_all_24`
TensorFlow summaries will be saved to `/home/mat/thesis/faster_rcnn_pytorch_multimodal/tensorboard/res101/waymo/lidar_a_bbox_a_cls_e_bbox_e_cls_train_all_24`
db: waymo
Solving...
Loading initial full model weights /home/mat/thesis/data2/waymo/weights/aug24/lidar_95k.pth
Loaded.
data generator starting up
data generator starting up
performing summary at iteration: 256
performing summary at iteration: 512
speed: 0.482s / iter
data_gen timer: 0.181s / iter
performing summary at iteration: 768
performing summary at iteration: 1024
speed: 0.519s / iter
data_gen timer: 0.128s / iter
performing summary at iteration: 1280
performing summary at iteration: 1536
speed: 0.544s / iter
data_gen timer: 0.109s / iter
performing summary at iteration: 1792
performing summary at iteration: 2048
speed: 0.558s / iter
data_gen timer: 0.100s / iter
performing summary at iteration: 2304
performing summary at iteration: 2560
speed: 0.563s / iter
data_gen timer: 0.094s / iter
performing summary at iteration: 2816
performing summary at iteration: 3072
speed: 0.558s / iter
data_gen timer: 0.091s / iter
performing summary at iteration: 3328
performing summary at iteration: 3584
speed: 0.555s / iter
data_gen timer: 0.088s / iter
performing summary at iteration: 3840
performing summary at iteration: 4096
speed: 0.552s / iter
data_gen timer: 0.086s / iter
performing summary at iteration: 4352
performing summary at iteration: 4608
speed: 0.550s / iter
data_gen timer: 0.085s / iter
performing summary at iteration: 4864
Saving BEV map file at location /home/mat/thesis/faster_rcnn_pytorch_multimodal/output/res101/waymo/lidar_a_bbox_a_cls_e_bbox_e_cls_train_all_24/trainval_drawn/iter_5000_0171065.png
Saving BEV map file at location /home/mat/thesis/faster_rcnn_pytorch_multimodal/output/res101/waymo/lidar_a_bbox_a_cls_e_bbox_e_cls_train_all_24/trainval_drawn/iter_5001_0083168.png
Saving BEV map file at location /home/mat/thesis/faster_rcnn_pytorch_multimodal/output/res101/waymo/lidar_a_bbox_a_cls_e_bbox_e_cls_train_all_24/trainval_drawn/iter_5002_0045031.png
Saving BEV map file at location /home/mat/thesis/faster_rcnn_pytorch_multimodal/output/res101/waymo/lidar_a_bbox_a_cls_e_bbox_e_cls_train_all_24/trainval_drawn/iter_5003_0159116.png
Saving BEV map file at location /home/mat/thesis/faster_rcnn_pytorch_multimodal/output/res101/waymo/lidar_a_bbox_a_cls_e_bbox_e_cls_train_all_24/trainval_drawn/iter_5004_0106027.png
Saving BEV map file at location /home/mat/thesis/faster_rcnn_pytorch_multimodal/output/res101/waymo/lidar_a_bbox_a_cls_e_bbox_e_cls_train_all_24/trainval_drawn/iter_5005_0177155.png
Saving BEV map file at location /home/mat/thesis/faster_rcnn_pytorch_multimodal/output/res101/waymo/lidar_a_bbox_a_cls_e_bbox_e_cls_train_all_24/trainval_drawn/iter_5006_0104166.png
Saving BEV map file at location /home/mat/thesis/faster_rcnn_pytorch_multimodal/output/res101/waymo/lidar_a_bbox_a_cls_e_bbox_e_cls_train_all_24/trainval_drawn/iter_5007_0068086.png
Saving BEV map file at location /home/mat/thesis/faster_rcnn_pytorch_multimodal/output/res101/waymo/lidar_a_bbox_a_cls_e_bbox_e_cls_train_all_24/trainval_drawn/iter_5008_0181114.png
Saving BEV map file at location /home/mat/thesis/faster_rcnn_pytorch_multimodal/output/res101/waymo/lidar_a_bbox_a_cls_e_bbox_e_cls_train_all_24/trainval_drawn/iter_5009_0160090.png
Saving BEV map file at location /home/mat/thesis/faster_rcnn_pytorch_multimodal/output/res101/waymo/lidar_a_bbox_a_cls_e_bbox_e_cls_train_all_24/trainval_drawn/iter_5010_0172126.png
Saving BEV map file at location /home/mat/thesis/faster_rcnn_pytorch_multimodal/output/res101/waymo/lidar_a_bbox_a_cls_e_bbox_e_cls_train_all_24/trainval_drawn/iter_5011_0142040.png
Saving BEV map file at location /home/mat/thesis/faster_rcnn_pytorch_multimodal/output/res101/waymo/lidar_a_bbox_a_cls_e_bbox_e_cls_train_all_24/trainval_drawn/iter_5012_0153171.png
Saving BEV map file at location /home/mat/thesis/faster_rcnn_pytorch_multimodal/output/res101/waymo/lidar_a_bbox_a_cls_e_bbox_e_cls_train_all_24/trainval_drawn/iter_5013_0039121.png
Saving BEV map file at location /home/mat/thesis/faster_rcnn_pytorch_multimodal/output/res101/waymo/lidar_a_bbox_a_cls_e_bbox_e_cls_train_all_24/trainval_drawn/iter_5014_0164162.png
Warning: NaN or Inf found in input tensor.
Saving BEV map file at location /home/mat/thesis/faster_rcnn_pytorch_multimodal/output/res101/waymo/lidar_a_bbox_a_cls_e_bbox_e_cls_train_all_24/trainval_drawn/iter_5015_0123159.png
Wrote snapshot to: /home/mat/thesis/faster_rcnn_pytorch_multimodal/output/res101/waymo/lidar_a_bbox_a_cls_e_bbox_e_cls_train_all_24/lidar_res101_faster_rcnn_iter_5000.pth
saving at 16 [31932 15831  8708 ... 12257 14897 23289]
saving at 5000 [73183 58044 61944 ... 59011 67224 71530]
performing summary at iteration: 5120
speed: 0.555s / iter
data_gen timer: 0.084s / iter
performing summary at iteration: 5376
performing summary at iteration: 5632
speed: 0.551s / iter
data_gen timer: 0.085s / iter
performing summary at iteration: 5888
performing summary at iteration: 6144
speed: 0.550s / iter
data_gen timer: 0.084s / iter
performing summary at iteration: 6400
performing summary at iteration: 6656
speed: 0.553s / iter
data_gen timer: 0.083s / iter
performing summary at iteration: 6912
performing summary at iteration: 7168
speed: 0.552s / iter
data_gen timer: 0.082s / iter
performing summary at iteration: 7424
performing summary at iteration: 7680
speed: 0.551s / iter
data_gen timer: 0.082s / iter
performing summary at iteration: 7936
performing summary at iteration: 8192
speed: 0.550s / iter
data_gen timer: 0.081s / iter
performing summary at iteration: 8448
performing summary at iteration: 8704
speed: 0.549s / iter
data_gen timer: 0.081s / iter
performing summary at iteration: 8960
performing summary at iteration: 9216
speed: 0.552s / iter
data_gen timer: 0.080s / iter
performing summary at iteration: 9472
performing summary at iteration: 9728
speed: 0.551s / iter
data_gen timer: 0.080s / iter
performing summary at iteration: 9984
Saving BEV map file at location /home/mat/thesis/faster_rcnn_pytorch_multimodal/output/res101/waymo/lidar_a_bbox_a_cls_e_bbox_e_cls_train_all_24/trainval_drawn/iter_10000_0036143.png
Saving BEV map file at location /home/mat/thesis/faster_rcnn_pytorch_multimodal/output/res101/waymo/lidar_a_bbox_a_cls_e_bbox_e_cls_train_all_24/trainval_drawn/iter_10001_0084089.png
Saving BEV map file at location /home/mat/thesis/faster_rcnn_pytorch_multimodal/output/res101/waymo/lidar_a_bbox_a_cls_e_bbox_e_cls_train_all_24/trainval_drawn/iter_10002_0103036.png
Saving BEV map file at location /home/mat/thesis/faster_rcnn_pytorch_multimodal/output/res101/waymo/lidar_a_bbox_a_cls_e_bbox_e_cls_train_all_24/trainval_drawn/iter_10003_0122054.png
Saving BEV map file at location /home/mat/thesis/faster_rcnn_pytorch_multimodal/output/res101/waymo/lidar_a_bbox_a_cls_e_bbox_e_cls_train_all_24/trainval_drawn/iter_10004_0091024.png
Saving BEV map file at location /home/mat/thesis/faster_rcnn_pytorch_multimodal/output/res101/waymo/lidar_a_bbox_a_cls_e_bbox_e_cls_train_all_24/trainval_drawn/iter_10005_0156065.png
Saving BEV map file at location /home/mat/thesis/faster_rcnn_pytorch_multimodal/output/res101/waymo/lidar_a_bbox_a_cls_e_bbox_e_cls_train_all_24/trainval_drawn/iter_10006_0112100.png
Saving BEV map file at location /home/mat/thesis/faster_rcnn_pytorch_multimodal/output/res101/waymo/lidar_a_bbox_a_cls_e_bbox_e_cls_train_all_24/trainval_drawn/iter_10007_0077036.png
Saving BEV map file at location /home/mat/thesis/faster_rcnn_pytorch_multimodal/output/res101/waymo/lidar_a_bbox_a_cls_e_bbox_e_cls_train_all_24/trainval_drawn/iter_10008_0135116.png
Saving BEV map file at location /home/mat/thesis/faster_rcnn_pytorch_multimodal/output/res101/waymo/lidar_a_bbox_a_cls_e_bbox_e_cls_train_all_24/trainval_drawn/iter_10009_0014154.png
Saving BEV map file at location /home/mat/thesis/faster_rcnn_pytorch_multimodal/output/res101/waymo/lidar_a_bbox_a_cls_e_bbox_e_cls_train_all_24/trainval_drawn/iter_10010_0106191.png
Saving BEV map file at location /home/mat/thesis/faster_rcnn_pytorch_multimodal/output/res101/waymo/lidar_a_bbox_a_cls_e_bbox_e_cls_train_all_24/trainval_drawn/iter_10011_0144121.png
Saving BEV map file at location /home/mat/thesis/faster_rcnn_pytorch_multimodal/output/res101/waymo/lidar_a_bbox_a_cls_e_bbox_e_cls_train_all_24/trainval_drawn/iter_10012_0000146.png
Saving BEV map file at location /home/mat/thesis/faster_rcnn_pytorch_multimodal/output/res101/waymo/lidar_a_bbox_a_cls_e_bbox_e_cls_train_all_24/trainval_drawn/iter_10013_0065028.png
Saving BEV map file at location /home/mat/thesis/faster_rcnn_pytorch_multimodal/output/res101/waymo/lidar_a_bbox_a_cls_e_bbox_e_cls_train_all_24/trainval_drawn/iter_10014_0011129.png
Warning: NaN or Inf found in input tensor.
Saving BEV map file at location /home/mat/thesis/faster_rcnn_pytorch_multimodal/output/res101/waymo/lidar_a_bbox_a_cls_e_bbox_e_cls_train_all_24/trainval_drawn/iter_10015_0004031.png
Wrote snapshot to: /home/mat/thesis/faster_rcnn_pytorch_multimodal/output/res101/waymo/lidar_a_bbox_a_cls_e_bbox_e_cls_train_all_24/lidar_res101_faster_rcnn_iter_10000.pth
saving at 32 [31932 15831  8708 ... 12257 14897 23289]
saving at 10000 [73183 58044 61944 ... 59011 67224 71530]
performing summary at iteration: 10240
speed: 0.555s / iter
data_gen timer: 0.080s / iter
performing summary at iteration: 10496
performing summary at iteration: 10752
speed: 0.556s / iter
data_gen timer: 0.079s / iter
performing summary at iteration: 11008
performing summary at iteration: 11264
speed: 0.558s / iter
data_gen timer: 0.079s / iter
performing summary at iteration: 11520
performing summary at iteration: 11776
speed: 0.559s / iter
data_gen timer: 0.079s / iter
performing summary at iteration: 12032
performing summary at iteration: 12288
speed: 0.558s / iter
data_gen timer: 0.079s / iter
performing summary at iteration: 12544
performing summary at iteration: 12800
speed: 0.557s / iter
data_gen timer: 0.079s / iter
performing summary at iteration: 13056
performing summary at iteration: 13312
speed: 0.555s / iter
data_gen timer: 0.078s / iter
performing summary at iteration: 13568
performing summary at iteration: 13824
speed: 0.554s / iter
data_gen timer: 0.078s / iter
performing summary at iteration: 14080
performing summary at iteration: 14336
speed: 0.553s / iter
data_gen timer: 0.078s / iter
performing summary at iteration: 14592
performing summary at iteration: 14848
speed: 0.552s / iter
data_gen timer: 0.077s / iter
Saving BEV map file at location /home/mat/thesis/faster_rcnn_pytorch_multimodal/output/res101/waymo/lidar_a_bbox_a_cls_e_bbox_e_cls_train_all_24/trainval_drawn/iter_15000_0051055.png
Saving BEV map file at location /home/mat/thesis/faster_rcnn_pytorch_multimodal/output/res101/waymo/lidar_a_bbox_a_cls_e_bbox_e_cls_train_all_24/trainval_drawn/iter_15001_0044108.png
Saving BEV map file at location /home/mat/thesis/faster_rcnn_pytorch_multimodal/output/res101/waymo/lidar_a_bbox_a_cls_e_bbox_e_cls_train_all_24/trainval_drawn/iter_15002_0166066.png
Saving BEV map file at location /home/mat/thesis/faster_rcnn_pytorch_multimodal/output/res101/waymo/lidar_a_bbox_a_cls_e_bbox_e_cls_train_all_24/trainval_drawn/iter_15003_0083186.png
Saving BEV map file at location /home/mat/thesis/faster_rcnn_pytorch_multimodal/output/res101/waymo/lidar_a_bbox_a_cls_e_bbox_e_cls_train_all_24/trainval_drawn/iter_15004_0079067.png
Saving BEV map file at location /home/mat/thesis/faster_rcnn_pytorch_multimodal/output/res101/waymo/lidar_a_bbox_a_cls_e_bbox_e_cls_train_all_24/trainval_drawn/iter_15005_0123116.png
Saving BEV map file at location /home/mat/thesis/faster_rcnn_pytorch_multimodal/output/res101/waymo/lidar_a_bbox_a_cls_e_bbox_e_cls_train_all_24/trainval_drawn/iter_15006_0139167.png
Saving BEV map file at location /home/mat/thesis/faster_rcnn_pytorch_multimodal/output/res101/waymo/lidar_a_bbox_a_cls_e_bbox_e_cls_train_all_24/trainval_drawn/iter_15007_0100087.png
no detections for image over threshold 0.4
draw and save: No detections for pc /home/mat/thesis/data2/waymo/val/point_clouds/0060185.npy, class: 1
Saving BEV map file at location /home/mat/thesis/faster_rcnn_pytorch_multimodal/output/res101/waymo/lidar_a_bbox_a_cls_e_bbox_e_cls_train_all_24/trainval_drawn/iter_15008_0060185.png
Saving BEV map file at location /home/mat/thesis/faster_rcnn_pytorch_multimodal/output/res101/waymo/lidar_a_bbox_a_cls_e_bbox_e_cls_train_all_24/trainval_drawn/iter_15009_0061034.png
Saving BEV map file at location /home/mat/thesis/faster_rcnn_pytorch_multimodal/output/res101/waymo/lidar_a_bbox_a_cls_e_bbox_e_cls_train_all_24/trainval_drawn/iter_15010_0187003.png
Saving BEV map file at location /home/mat/thesis/faster_rcnn_pytorch_multimodal/output/res101/waymo/lidar_a_bbox_a_cls_e_bbox_e_cls_train_all_24/trainval_drawn/iter_15011_0015040.png
Saving BEV map file at location /home/mat/thesis/faster_rcnn_pytorch_multimodal/output/res101/waymo/lidar_a_bbox_a_cls_e_bbox_e_cls_train_all_24/trainval_drawn/iter_15012_0102010.png
Saving BEV map file at location /home/mat/thesis/faster_rcnn_pytorch_multimodal/output/res101/waymo/lidar_a_bbox_a_cls_e_bbox_e_cls_train_all_24/trainval_drawn/iter_15013_0189157.png
Saving BEV map file at location /home/mat/thesis/faster_rcnn_pytorch_multimodal/output/res101/waymo/lidar_a_bbox_a_cls_e_bbox_e_cls_train_all_24/trainval_drawn/iter_15014_0139075.png
Warning: NaN or Inf found in input tensor.
Saving BEV map file at location /home/mat/thesis/faster_rcnn_pytorch_multimodal/output/res101/waymo/lidar_a_bbox_a_cls_e_bbox_e_cls_train_all_24/trainval_drawn/iter_15015_0140079.png
Wrote snapshot to: /home/mat/thesis/faster_rcnn_pytorch_multimodal/output/res101/waymo/lidar_a_bbox_a_cls_e_bbox_e_cls_train_all_24/lidar_res101_faster_rcnn_iter_15000.pth
saving at 48 [31932 15831  8708 ... 12257 14897 23289]
saving at 15000 [73183 58044 61944 ... 59011 67224 71530]
performing summary at iteration: 15104
performing summary at iteration: 15360
speed: 0.553s / iter
data_gen timer: 0.077s / iter
performing summary at iteration: 15616
performing summary at iteration: 15872
speed: 0.552s / iter
data_gen timer: 0.077s / iter
performing summary at iteration: 16128
performing summary at iteration: 16384
speed: 0.551s / iter
data_gen timer: 0.077s / iter
performing summary at iteration: 16640
performing summary at iteration: 16896
speed: 0.551s / iter
data_gen timer: 0.077s / iter
performing summary at iteration: 17152
performing summary at iteration: 17408
speed: 0.550s / iter
data_gen timer: 0.077s / iter
performing summary at iteration: 17664
performing summary at iteration: 17920
speed: 0.549s / iter
data_gen timer: 0.076s / iter
performing summary at iteration: 18176
performing summary at iteration: 18432
speed: 0.549s / iter
data_gen timer: 0.076s / iter
performing summary at iteration: 18688
performing summary at iteration: 18944
speed: 0.548s / iter
data_gen timer: 0.076s / iter
performing summary at iteration: 19200
performing summary at iteration: 19456
speed: 0.547s / iter
data_gen timer: 0.076s / iter
performing summary at iteration: 19712
performing summary at iteration: 19968
speed: 0.546s / iter
data_gen timer: 0.076s / iter
Saving BEV map file at location /home/mat/thesis/faster_rcnn_pytorch_multimodal/output/res101/waymo/lidar_a_bbox_a_cls_e_bbox_e_cls_train_all_24/trainval_drawn/iter_20000_0089117.png
Saving BEV map file at location /home/mat/thesis/faster_rcnn_pytorch_multimodal/output/res101/waymo/lidar_a_bbox_a_cls_e_bbox_e_cls_train_all_24/trainval_drawn/iter_20001_0126121.png
Saving BEV map file at location /home/mat/thesis/faster_rcnn_pytorch_multimodal/output/res101/waymo/lidar_a_bbox_a_cls_e_bbox_e_cls_train_all_24/trainval_drawn/iter_20002_0126182.png
Saving BEV map file at location /home/mat/thesis/faster_rcnn_pytorch_multimodal/output/res101/waymo/lidar_a_bbox_a_cls_e_bbox_e_cls_train_all_24/trainval_drawn/iter_20003_0174191.png
Saving BEV map file at location /home/mat/thesis/faster_rcnn_pytorch_multimodal/output/res101/waymo/lidar_a_bbox_a_cls_e_bbox_e_cls_train_all_24/trainval_drawn/iter_20004_0175095.png
Saving BEV map file at location /home/mat/thesis/faster_rcnn_pytorch_multimodal/output/res101/waymo/lidar_a_bbox_a_cls_e_bbox_e_cls_train_all_24/trainval_drawn/iter_20005_0022062.png
no detections for image over threshold 0.4
draw and save: No detections for pc /home/mat/thesis/data2/waymo/val/point_clouds/0110059.npy, class: 1
Saving BEV map file at location /home/mat/thesis/faster_rcnn_pytorch_multimodal/output/res101/waymo/lidar_a_bbox_a_cls_e_bbox_e_cls_train_all_24/trainval_drawn/iter_20006_0110059.png
Saving BEV map file at location /home/mat/thesis/faster_rcnn_pytorch_multimodal/output/res101/waymo/lidar_a_bbox_a_cls_e_bbox_e_cls_train_all_24/trainval_drawn/iter_20007_0102137.png
Saving BEV map file at location /home/mat/thesis/faster_rcnn_pytorch_multimodal/output/res101/waymo/lidar_a_bbox_a_cls_e_bbox_e_cls_train_all_24/trainval_drawn/iter_20008_0162020.png
Saving BEV map file at location /home/mat/thesis/faster_rcnn_pytorch_multimodal/output/res101/waymo/lidar_a_bbox_a_cls_e_bbox_e_cls_train_all_24/trainval_drawn/iter_20009_0057153.png
Saving BEV map file at location /home/mat/thesis/faster_rcnn_pytorch_multimodal/output/res101/waymo/lidar_a_bbox_a_cls_e_bbox_e_cls_train_all_24/trainval_drawn/iter_20010_0201164.png
Saving BEV map file at location /home/mat/thesis/faster_rcnn_pytorch_multimodal/output/res101/waymo/lidar_a_bbox_a_cls_e_bbox_e_cls_train_all_24/trainval_drawn/iter_20011_0083115.png
Saving BEV map file at location /home/mat/thesis/faster_rcnn_pytorch_multimodal/output/res101/waymo/lidar_a_bbox_a_cls_e_bbox_e_cls_train_all_24/trainval_drawn/iter_20012_0047145.png
Saving BEV map file at location /home/mat/thesis/faster_rcnn_pytorch_multimodal/output/res101/waymo/lidar_a_bbox_a_cls_e_bbox_e_cls_train_all_24/trainval_drawn/iter_20013_0125080.png
Saving BEV map file at location /home/mat/thesis/faster_rcnn_pytorch_multimodal/output/res101/waymo/lidar_a_bbox_a_cls_e_bbox_e_cls_train_all_24/trainval_drawn/iter_20014_0130118.png
Warning: NaN or Inf found in input tensor.
Saving BEV map file at location /home/mat/thesis/faster_rcnn_pytorch_multimodal/output/res101/waymo/lidar_a_bbox_a_cls_e_bbox_e_cls_train_all_24/trainval_drawn/iter_20015_0036098.png
Wrote snapshot to: /home/mat/thesis/faster_rcnn_pytorch_multimodal/output/res101/waymo/lidar_a_bbox_a_cls_e_bbox_e_cls_train_all_24/lidar_res101_faster_rcnn_iter_20000.pth
saving at 64 [31932 15831  8708 ... 12257 14897 23289]
saving at 20000 [73183 58044 61944 ... 59011 67224 71530]
performing summary at iteration: 20224
performing summary at iteration: 20480
speed: 0.548s / iter
data_gen timer: 0.076s / iter
performing summary at iteration: 20736
performing summary at iteration: 20992
speed: 0.547s / iter
data_gen timer: 0.076s / iter
performing summary at iteration: 21248
performing summary at iteration: 21504
speed: 0.547s / iter
data_gen timer: 0.076s / iter
performing summary at iteration: 21760
performing summary at iteration: 22016
speed: 0.546s / iter
data_gen timer: 0.076s / iter
performing summary at iteration: 22272
performing summary at iteration: 22528
speed: 0.546s / iter
data_gen timer: 0.076s / iter
performing summary at iteration: 22784
performing summary at iteration: 23040
speed: 0.546s / iter
data_gen timer: 0.075s / iter
performing summary at iteration: 23296
performing summary at iteration: 23552
speed: 0.545s / iter
data_gen timer: 0.075s / iter
performing summary at iteration: 23808
performing summary at iteration: 24064
speed: 0.545s / iter
data_gen timer: 0.075s / iter
performing summary at iteration: 24320
performing summary at iteration: 24576
speed: 0.545s / iter
data_gen timer: 0.075s / iter
performing summary at iteration: 24832
Saving BEV map file at location /home/mat/thesis/faster_rcnn_pytorch_multimodal/output/res101/waymo/lidar_a_bbox_a_cls_e_bbox_e_cls_train_all_24/trainval_drawn/iter_25000_0007139.png
Saving BEV map file at location /home/mat/thesis/faster_rcnn_pytorch_multimodal/output/res101/waymo/lidar_a_bbox_a_cls_e_bbox_e_cls_train_all_24/trainval_drawn/iter_25001_0063053.png
Saving BEV map file at location /home/mat/thesis/faster_rcnn_pytorch_multimodal/output/res101/waymo/lidar_a_bbox_a_cls_e_bbox_e_cls_train_all_24/trainval_drawn/iter_25002_0096014.png
Saving BEV map file at location /home/mat/thesis/faster_rcnn_pytorch_multimodal/output/res101/waymo/lidar_a_bbox_a_cls_e_bbox_e_cls_train_all_24/trainval_drawn/iter_25003_0121004.png
Saving BEV map file at location /home/mat/thesis/faster_rcnn_pytorch_multimodal/output/res101/waymo/lidar_a_bbox_a_cls_e_bbox_e_cls_train_all_24/trainval_drawn/iter_25004_0194169.png
Saving BEV map file at location /home/mat/thesis/faster_rcnn_pytorch_multimodal/output/res101/waymo/lidar_a_bbox_a_cls_e_bbox_e_cls_train_all_24/trainval_drawn/iter_25005_0028025.png
Saving BEV map file at location /home/mat/thesis/faster_rcnn_pytorch_multimodal/output/res101/waymo/lidar_a_bbox_a_cls_e_bbox_e_cls_train_all_24/trainval_drawn/iter_25006_0000170.png
Saving BEV map file at location /home/mat/thesis/faster_rcnn_pytorch_multimodal/output/res101/waymo/lidar_a_bbox_a_cls_e_bbox_e_cls_train_all_24/trainval_drawn/iter_25007_0068129.png
Saving BEV map file at location /home/mat/thesis/faster_rcnn_pytorch_multimodal/output/res101/waymo/lidar_a_bbox_a_cls_e_bbox_e_cls_train_all_24/trainval_drawn/iter_25008_0124064.png
Saving BEV map file at location /home/mat/thesis/faster_rcnn_pytorch_multimodal/output/res101/waymo/lidar_a_bbox_a_cls_e_bbox_e_cls_train_all_24/trainval_drawn/iter_25009_0118164.png
Saving BEV map file at location /home/mat/thesis/faster_rcnn_pytorch_multimodal/output/res101/waymo/lidar_a_bbox_a_cls_e_bbox_e_cls_train_all_24/trainval_drawn/iter_25010_0040020.png
Saving BEV map file at location /home/mat/thesis/faster_rcnn_pytorch_multimodal/output/res101/waymo/lidar_a_bbox_a_cls_e_bbox_e_cls_train_all_24/trainval_drawn/iter_25011_0015075.png
Saving BEV map file at location /home/mat/thesis/faster_rcnn_pytorch_multimodal/output/res101/waymo/lidar_a_bbox_a_cls_e_bbox_e_cls_train_all_24/trainval_drawn/iter_25012_0139166.png
Saving BEV map file at location /home/mat/thesis/faster_rcnn_pytorch_multimodal/output/res101/waymo/lidar_a_bbox_a_cls_e_bbox_e_cls_train_all_24/trainval_drawn/iter_25013_0112051.png
Saving BEV map file at location /home/mat/thesis/faster_rcnn_pytorch_multimodal/output/res101/waymo/lidar_a_bbox_a_cls_e_bbox_e_cls_train_all_24/trainval_drawn/iter_25014_0148002.png
Warning: NaN or Inf found in input tensor.
Saving BEV map file at location /home/mat/thesis/faster_rcnn_pytorch_multimodal/output/res101/waymo/lidar_a_bbox_a_cls_e_bbox_e_cls_train_all_24/trainval_drawn/iter_25015_0141137.png
Wrote snapshot to: /home/mat/thesis/faster_rcnn_pytorch_multimodal/output/res101/waymo/lidar_a_bbox_a_cls_e_bbox_e_cls_train_all_24/lidar_res101_faster_rcnn_iter_25000.pth
saving at 80 [31932 15831  8708 ... 12257 14897 23289]
saving at 25000 [73183 58044 61944 ... 59011 67224 71530]
performing summary at iteration: 25088
speed: 0.545s / iter
data_gen timer: 0.075s / iter
performing summary at iteration: 25344
performing summary at iteration: 25600
speed: 0.545s / iter
data_gen timer: 0.075s / iter
performing summary at iteration: 25856
performing summary at iteration: 26112
speed: 0.545s / iter
data_gen timer: 0.075s / iter
performing summary at iteration: 26368
performing summary at iteration: 26624
speed: 0.545s / iter
data_gen timer: 0.075s / iter
performing summary at iteration: 26880
performing summary at iteration: 27136
speed: 0.544s / iter
data_gen timer: 0.075s / iter
performing summary at iteration: 27392
performing summary at iteration: 27648
speed: 0.544s / iter
data_gen timer: 0.075s / iter
performing summary at iteration: 27904
performing summary at iteration: 28160
speed: 0.544s / iter
data_gen timer: 0.075s / iter
performing summary at iteration: 28416
performing summary at iteration: 28672
speed: 0.544s / iter
data_gen timer: 0.075s / iter
performing summary at iteration: 28928
performing summary at iteration: 29184
speed: 0.544s / iter
data_gen timer: 0.075s / iter
performing summary at iteration: 29440
performing summary at iteration: 29696
speed: 0.543s / iter
data_gen timer: 0.075s / iter
performing summary at iteration: 29952
Saving BEV map file at location /home/mat/thesis/faster_rcnn_pytorch_multimodal/output/res101/waymo/lidar_a_bbox_a_cls_e_bbox_e_cls_train_all_24/trainval_drawn/iter_30000_0070050.png
Saving BEV map file at location /home/mat/thesis/faster_rcnn_pytorch_multimodal/output/res101/waymo/lidar_a_bbox_a_cls_e_bbox_e_cls_train_all_24/trainval_drawn/iter_30001_0150027.png
Saving BEV map file at location /home/mat/thesis/faster_rcnn_pytorch_multimodal/output/res101/waymo/lidar_a_bbox_a_cls_e_bbox_e_cls_train_all_24/trainval_drawn/iter_30002_0201067.png
Saving BEV map file at location /home/mat/thesis/faster_rcnn_pytorch_multimodal/output/res101/waymo/lidar_a_bbox_a_cls_e_bbox_e_cls_train_all_24/trainval_drawn/iter_30003_0128064.png
Saving BEV map file at location /home/mat/thesis/faster_rcnn_pytorch_multimodal/output/res101/waymo/lidar_a_bbox_a_cls_e_bbox_e_cls_train_all_24/trainval_drawn/iter_30004_0127105.png
Saving BEV map file at location /home/mat/thesis/faster_rcnn_pytorch_multimodal/output/res101/waymo/lidar_a_bbox_a_cls_e_bbox_e_cls_train_all_24/trainval_drawn/iter_30005_0080082.png
Saving BEV map file at location /home/mat/thesis/faster_rcnn_pytorch_multimodal/output/res101/waymo/lidar_a_bbox_a_cls_e_bbox_e_cls_train_all_24/trainval_drawn/iter_30006_0047098.png
Saving BEV map file at location /home/mat/thesis/faster_rcnn_pytorch_multimodal/output/res101/waymo/lidar_a_bbox_a_cls_e_bbox_e_cls_train_all_24/trainval_drawn/iter_30007_0196173.png
Saving BEV map file at location /home/mat/thesis/faster_rcnn_pytorch_multimodal/output/res101/waymo/lidar_a_bbox_a_cls_e_bbox_e_cls_train_all_24/trainval_drawn/iter_30008_0028085.png
Saving BEV map file at location /home/mat/thesis/faster_rcnn_pytorch_multimodal/output/res101/waymo/lidar_a_bbox_a_cls_e_bbox_e_cls_train_all_24/trainval_drawn/iter_30009_0182056.png
Saving BEV map file at location /home/mat/thesis/faster_rcnn_pytorch_multimodal/output/res101/waymo/lidar_a_bbox_a_cls_e_bbox_e_cls_train_all_24/trainval_drawn/iter_30010_0082190.png
Saving BEV map file at location /home/mat/thesis/faster_rcnn_pytorch_multimodal/output/res101/waymo/lidar_a_bbox_a_cls_e_bbox_e_cls_train_all_24/trainval_drawn/iter_30011_0035169.png
no detections for image over threshold 0.4
draw and save: No detections for pc /home/mat/thesis/data2/waymo/val/point_clouds/0072064.npy, class: 1
Saving BEV map file at location /home/mat/thesis/faster_rcnn_pytorch_multimodal/output/res101/waymo/lidar_a_bbox_a_cls_e_bbox_e_cls_train_all_24/trainval_drawn/iter_30012_0072064.png
Saving BEV map file at location /home/mat/thesis/faster_rcnn_pytorch_multimodal/output/res101/waymo/lidar_a_bbox_a_cls_e_bbox_e_cls_train_all_24/trainval_drawn/iter_30013_0022043.png
Saving BEV map file at location /home/mat/thesis/faster_rcnn_pytorch_multimodal/output/res101/waymo/lidar_a_bbox_a_cls_e_bbox_e_cls_train_all_24/trainval_drawn/iter_30014_0176141.png
Warning: NaN or Inf found in input tensor.
Saving BEV map file at location /home/mat/thesis/faster_rcnn_pytorch_multimodal/output/res101/waymo/lidar_a_bbox_a_cls_e_bbox_e_cls_train_all_24/trainval_drawn/iter_30015_0187124.png
Wrote snapshot to: /home/mat/thesis/faster_rcnn_pytorch_multimodal/output/res101/waymo/lidar_a_bbox_a_cls_e_bbox_e_cls_train_all_24/lidar_res101_faster_rcnn_iter_30000.pth
saving at 96 [31932 15831  8708 ... 12257 14897 23289]
saving at 30000 [73183 58044 61944 ... 59011 67224 71530]
performing summary at iteration: 30208
speed: 0.544s / iter
data_gen timer: 0.075s / iter
performing summary at iteration: 30464
performing summary at iteration: 30720
speed: 0.544s / iter
data_gen timer: 0.075s / iter
performing summary at iteration: 30976
performing summary at iteration: 31232
speed: 0.543s / iter
data_gen timer: 0.075s / iter
performing summary at iteration: 31488
performing summary at iteration: 31744
speed: 0.543s / iter
data_gen timer: 0.075s / iter
performing summary at iteration: 32000
performing summary at iteration: 32256
speed: 0.543s / iter
data_gen timer: 0.075s / iter
performing summary at iteration: 32512
performing summary at iteration: 32768
speed: 0.543s / iter
data_gen timer: 0.075s / iter
performing summary at iteration: 33024
performing summary at iteration: 33280
speed: 0.543s / iter
data_gen timer: 0.075s / iter
performing summary at iteration: 33536
performing summary at iteration: 33792
speed: 0.542s / iter
data_gen timer: 0.075s / iter
performing summary at iteration: 34048
performing summary at iteration: 34304
speed: 0.542s / iter
data_gen timer: 0.075s / iter
performing summary at iteration: 34560
performing summary at iteration: 34816
speed: 0.542s / iter
data_gen timer: 0.075s / iter
Saving BEV map file at location /home/mat/thesis/faster_rcnn_pytorch_multimodal/output/res101/waymo/lidar_a_bbox_a_cls_e_bbox_e_cls_train_all_24/trainval_drawn/iter_35000_0096149.png
Saving BEV map file at location /home/mat/thesis/faster_rcnn_pytorch_multimodal/output/res101/waymo/lidar_a_bbox_a_cls_e_bbox_e_cls_train_all_24/trainval_drawn/iter_35001_0184172.png
Saving BEV map file at location /home/mat/thesis/faster_rcnn_pytorch_multimodal/output/res101/waymo/lidar_a_bbox_a_cls_e_bbox_e_cls_train_all_24/trainval_drawn/iter_35002_0143123.png
Saving BEV map file at location /home/mat/thesis/faster_rcnn_pytorch_multimodal/output/res101/waymo/lidar_a_bbox_a_cls_e_bbox_e_cls_train_all_24/trainval_drawn/iter_35003_0175077.png
Saving BEV map file at location /home/mat/thesis/faster_rcnn_pytorch_multimodal/output/res101/waymo/lidar_a_bbox_a_cls_e_bbox_e_cls_train_all_24/trainval_drawn/iter_35004_0177168.png
Saving BEV map file at location /home/mat/thesis/faster_rcnn_pytorch_multimodal/output/res101/waymo/lidar_a_bbox_a_cls_e_bbox_e_cls_train_all_24/trainval_drawn/iter_35005_0010041.png
Saving BEV map file at location /home/mat/thesis/faster_rcnn_pytorch_multimodal/output/res101/waymo/lidar_a_bbox_a_cls_e_bbox_e_cls_train_all_24/trainval_drawn/iter_35006_0001136.png
Saving BEV map file at location /home/mat/thesis/faster_rcnn_pytorch_multimodal/output/res101/waymo/lidar_a_bbox_a_cls_e_bbox_e_cls_train_all_24/trainval_drawn/iter_35007_0086134.png
Saving BEV map file at location /home/mat/thesis/faster_rcnn_pytorch_multimodal/output/res101/waymo/lidar_a_bbox_a_cls_e_bbox_e_cls_train_all_24/trainval_drawn/iter_35008_0031028.png
Saving BEV map file at location /home/mat/thesis/faster_rcnn_pytorch_multimodal/output/res101/waymo/lidar_a_bbox_a_cls_e_bbox_e_cls_train_all_24/trainval_drawn/iter_35009_0184162.png
Saving BEV map file at location /home/mat/thesis/faster_rcnn_pytorch_multimodal/output/res101/waymo/lidar_a_bbox_a_cls_e_bbox_e_cls_train_all_24/trainval_drawn/iter_35010_0060182.png
no detections for image over threshold 0.4
draw and save: No detections for pc /home/mat/thesis/data2/waymo/val/point_clouds/0105017.npy, class: 1
Saving BEV map file at location /home/mat/thesis/faster_rcnn_pytorch_multimodal/output/res101/waymo/lidar_a_bbox_a_cls_e_bbox_e_cls_train_all_24/trainval_drawn/iter_35011_0105017.png
Saving BEV map file at location /home/mat/thesis/faster_rcnn_pytorch_multimodal/output/res101/waymo/lidar_a_bbox_a_cls_e_bbox_e_cls_train_all_24/trainval_drawn/iter_35012_0027113.png
Saving BEV map file at location /home/mat/thesis/faster_rcnn_pytorch_multimodal/output/res101/waymo/lidar_a_bbox_a_cls_e_bbox_e_cls_train_all_24/trainval_drawn/iter_35013_0102083.png
Saving BEV map file at location /home/mat/thesis/faster_rcnn_pytorch_multimodal/output/res101/waymo/lidar_a_bbox_a_cls_e_bbox_e_cls_train_all_24/trainval_drawn/iter_35014_0133151.png
Warning: NaN or Inf found in input tensor.
Saving BEV map file at location /home/mat/thesis/faster_rcnn_pytorch_multimodal/output/res101/waymo/lidar_a_bbox_a_cls_e_bbox_e_cls_train_all_24/trainval_drawn/iter_35015_0163091.png
Wrote snapshot to: /home/mat/thesis/faster_rcnn_pytorch_multimodal/output/res101/waymo/lidar_a_bbox_a_cls_e_bbox_e_cls_train_all_24/lidar_res101_faster_rcnn_iter_35000.pth
saving at 112 [31932 15831  8708 ... 12257 14897 23289]
saving at 35000 [73183 58044 61944 ... 59011 67224 71530]
performing summary at iteration: 35072
performing summary at iteration: 35328
speed: 0.543s / iter
data_gen timer: 0.075s / iter
performing summary at iteration: 35584
performing summary at iteration: 35840
speed: 0.542s / iter
data_gen timer: 0.075s / iter
performing summary at iteration: 36096
performing summary at iteration: 36352
speed: 0.542s / iter
data_gen timer: 0.075s / iter
performing summary at iteration: 36608
performing summary at iteration: 36864
speed: 0.542s / iter
data_gen timer: 0.075s / iter
performing summary at iteration: 37120
performing summary at iteration: 37376
speed: 0.542s / iter
data_gen timer: 0.075s / iter
performing summary at iteration: 37632
performing summary at iteration: 37888
speed: 0.542s / iter
data_gen timer: 0.074s / iter
performing summary at iteration: 38144
performing summary at iteration: 38400
speed: 0.542s / iter
data_gen timer: 0.074s / iter
performing summary at iteration: 38656
performing summary at iteration: 38912
speed: 0.542s / iter
data_gen timer: 0.074s / iter
performing summary at iteration: 39168
performing summary at iteration: 39424
speed: 0.541s / iter
data_gen timer: 0.075s / iter
performing summary at iteration: 39680
performing summary at iteration: 39936
speed: 0.541s / iter
data_gen timer: 0.075s / iter
Saving BEV map file at location /home/mat/thesis/faster_rcnn_pytorch_multimodal/output/res101/waymo/lidar_a_bbox_a_cls_e_bbox_e_cls_train_all_24/trainval_drawn/iter_40000_0102054.png
Saving BEV map file at location /home/mat/thesis/faster_rcnn_pytorch_multimodal/output/res101/waymo/lidar_a_bbox_a_cls_e_bbox_e_cls_train_all_24/trainval_drawn/iter_40001_0030023.png
Saving BEV map file at location /home/mat/thesis/faster_rcnn_pytorch_multimodal/output/res101/waymo/lidar_a_bbox_a_cls_e_bbox_e_cls_train_all_24/trainval_drawn/iter_40002_0135158.png
Saving BEV map file at location /home/mat/thesis/faster_rcnn_pytorch_multimodal/output/res101/waymo/lidar_a_bbox_a_cls_e_bbox_e_cls_train_all_24/trainval_drawn/iter_40003_0042117.png
Saving BEV map file at location /home/mat/thesis/faster_rcnn_pytorch_multimodal/output/res101/waymo/lidar_a_bbox_a_cls_e_bbox_e_cls_train_all_24/trainval_drawn/iter_40004_0035022.png
Saving BEV map file at location /home/mat/thesis/faster_rcnn_pytorch_multimodal/output/res101/waymo/lidar_a_bbox_a_cls_e_bbox_e_cls_train_all_24/trainval_drawn/iter_40005_0080093.png
Saving BEV map file at location /home/mat/thesis/faster_rcnn_pytorch_multimodal/output/res101/waymo/lidar_a_bbox_a_cls_e_bbox_e_cls_train_all_24/trainval_drawn/iter_40006_0080141.png
Saving BEV map file at location /home/mat/thesis/faster_rcnn_pytorch_multimodal/output/res101/waymo/lidar_a_bbox_a_cls_e_bbox_e_cls_train_all_24/trainval_drawn/iter_40007_0178067.png
Saving BEV map file at location /home/mat/thesis/faster_rcnn_pytorch_multimodal/output/res101/waymo/lidar_a_bbox_a_cls_e_bbox_e_cls_train_all_24/trainval_drawn/iter_40008_0037138.png
Saving BEV map file at location /home/mat/thesis/faster_rcnn_pytorch_multimodal/output/res101/waymo/lidar_a_bbox_a_cls_e_bbox_e_cls_train_all_24/trainval_drawn/iter_40009_0083066.png
Saving BEV map file at location /home/mat/thesis/faster_rcnn_pytorch_multimodal/output/res101/waymo/lidar_a_bbox_a_cls_e_bbox_e_cls_train_all_24/trainval_drawn/iter_40010_0060075.png
Saving BEV map file at location /home/mat/thesis/faster_rcnn_pytorch_multimodal/output/res101/waymo/lidar_a_bbox_a_cls_e_bbox_e_cls_train_all_24/trainval_drawn/iter_40011_0180125.png
Saving BEV map file at location /home/mat/thesis/faster_rcnn_pytorch_multimodal/output/res101/waymo/lidar_a_bbox_a_cls_e_bbox_e_cls_train_all_24/trainval_drawn/iter_40012_0199008.png
Saving BEV map file at location /home/mat/thesis/faster_rcnn_pytorch_multimodal/output/res101/waymo/lidar_a_bbox_a_cls_e_bbox_e_cls_train_all_24/trainval_drawn/iter_40013_0090024.png
Saving BEV map file at location /home/mat/thesis/faster_rcnn_pytorch_multimodal/output/res101/waymo/lidar_a_bbox_a_cls_e_bbox_e_cls_train_all_24/trainval_drawn/iter_40014_0132170.png
Warning: NaN or Inf found in input tensor.
Saving BEV map file at location /home/mat/thesis/faster_rcnn_pytorch_multimodal/output/res101/waymo/lidar_a_bbox_a_cls_e_bbox_e_cls_train_all_24/trainval_drawn/iter_40015_0153038.png
Wrote snapshot to: /home/mat/thesis/faster_rcnn_pytorch_multimodal/output/res101/waymo/lidar_a_bbox_a_cls_e_bbox_e_cls_train_all_24/lidar_res101_faster_rcnn_iter_40000.pth
saving at 128 [31932 15831  8708 ... 12257 14897 23289]
saving at 40000 [73183 58044 61944 ... 59011 67224 71530]
performing summary at iteration: 40192
performing summary at iteration: 40448
speed: 0.542s / iter
data_gen timer: 0.074s / iter
performing summary at iteration: 40704
performing summary at iteration: 40960
speed: 0.542s / iter
data_gen timer: 0.074s / iter
performing summary at iteration: 41216
performing summary at iteration: 41472
speed: 0.542s / iter
data_gen timer: 0.074s / iter
performing summary at iteration: 41728
performing summary at iteration: 41984
speed: 0.542s / iter
data_gen timer: 0.074s / iter
performing summary at iteration: 42240
performing summary at iteration: 42496
speed: 0.542s / iter
data_gen timer: 0.074s / iter
performing summary at iteration: 42752
performing summary at iteration: 43008
speed: 0.541s / iter
data_gen timer: 0.074s / iter
performing summary at iteration: 43264
performing summary at iteration: 43520
speed: 0.541s / iter
data_gen timer: 0.074s / iter
performing summary at iteration: 43776
performing summary at iteration: 44032
speed: 0.541s / iter
data_gen timer: 0.074s / iter
performing summary at iteration: 44288
performing summary at iteration: 44544
speed: 0.541s / iter
data_gen timer: 0.075s / iter
performing summary at iteration: 44800
Saving BEV map file at location /home/mat/thesis/faster_rcnn_pytorch_multimodal/output/res101/waymo/lidar_a_bbox_a_cls_e_bbox_e_cls_train_all_24/trainval_drawn/iter_45000_0105096.png
Saving BEV map file at location /home/mat/thesis/faster_rcnn_pytorch_multimodal/output/res101/waymo/lidar_a_bbox_a_cls_e_bbox_e_cls_train_all_24/trainval_drawn/iter_45001_0159027.png
Saving BEV map file at location /home/mat/thesis/faster_rcnn_pytorch_multimodal/output/res101/waymo/lidar_a_bbox_a_cls_e_bbox_e_cls_train_all_24/trainval_drawn/iter_45002_0015113.png
Saving BEV map file at location /home/mat/thesis/faster_rcnn_pytorch_multimodal/output/res101/waymo/lidar_a_bbox_a_cls_e_bbox_e_cls_train_all_24/trainval_drawn/iter_45003_0070020.png
Saving BEV map file at location /home/mat/thesis/faster_rcnn_pytorch_multimodal/output/res101/waymo/lidar_a_bbox_a_cls_e_bbox_e_cls_train_all_24/trainval_drawn/iter_45004_0121039.png
Saving BEV map file at location /home/mat/thesis/faster_rcnn_pytorch_multimodal/output/res101/waymo/lidar_a_bbox_a_cls_e_bbox_e_cls_train_all_24/trainval_drawn/iter_45005_0091041.png
Saving BEV map file at location /home/mat/thesis/faster_rcnn_pytorch_multimodal/output/res101/waymo/lidar_a_bbox_a_cls_e_bbox_e_cls_train_all_24/trainval_drawn/iter_45006_0065024.png
Saving BEV map file at location /home/mat/thesis/faster_rcnn_pytorch_multimodal/output/res101/waymo/lidar_a_bbox_a_cls_e_bbox_e_cls_train_all_24/trainval_drawn/iter_45007_0096114.png
Saving BEV map file at location /home/mat/thesis/faster_rcnn_pytorch_multimodal/output/res101/waymo/lidar_a_bbox_a_cls_e_bbox_e_cls_train_all_24/trainval_drawn/iter_45008_0017016.png
Saving BEV map file at location /home/mat/thesis/faster_rcnn_pytorch_multimodal/output/res101/waymo/lidar_a_bbox_a_cls_e_bbox_e_cls_train_all_24/trainval_drawn/iter_45009_0139089.png
Saving BEV map file at location /home/mat/thesis/faster_rcnn_pytorch_multimodal/output/res101/waymo/lidar_a_bbox_a_cls_e_bbox_e_cls_train_all_24/trainval_drawn/iter_45010_0121184.png
Saving BEV map file at location /home/mat/thesis/faster_rcnn_pytorch_multimodal/output/res101/waymo/lidar_a_bbox_a_cls_e_bbox_e_cls_train_all_24/trainval_drawn/iter_45011_0199109.png
Saving BEV map file at location /home/mat/thesis/faster_rcnn_pytorch_multimodal/output/res101/waymo/lidar_a_bbox_a_cls_e_bbox_e_cls_train_all_24/trainval_drawn/iter_45012_0041175.png
Saving BEV map file at location /home/mat/thesis/faster_rcnn_pytorch_multimodal/output/res101/waymo/lidar_a_bbox_a_cls_e_bbox_e_cls_train_all_24/trainval_drawn/iter_45013_0182111.png
Saving BEV map file at location /home/mat/thesis/faster_rcnn_pytorch_multimodal/output/res101/waymo/lidar_a_bbox_a_cls_e_bbox_e_cls_train_all_24/trainval_drawn/iter_45014_0054035.png
Warning: NaN or Inf found in input tensor.
Saving BEV map file at location /home/mat/thesis/faster_rcnn_pytorch_multimodal/output/res101/waymo/lidar_a_bbox_a_cls_e_bbox_e_cls_train_all_24/trainval_drawn/iter_45015_0170196.png
Wrote snapshot to: /home/mat/thesis/faster_rcnn_pytorch_multimodal/output/res101/waymo/lidar_a_bbox_a_cls_e_bbox_e_cls_train_all_24/lidar_res101_faster_rcnn_iter_45000.pth
saving at 144 [31932 15831  8708 ... 12257 14897 23289]
saving at 45000 [73183 58044 61944 ... 59011 67224 71530]
performing summary at iteration: 45056
speed: 0.541s / iter
data_gen timer: 0.074s / iter
performing summary at iteration: 45312
performing summary at iteration: 45568
speed: 0.541s / iter
data_gen timer: 0.074s / iter
performing summary at iteration: 45824
performing summary at iteration: 46080
speed: 0.541s / iter
data_gen timer: 0.074s / iter
performing summary at iteration: 46336
performing summary at iteration: 46592
speed: 0.541s / iter
data_gen timer: 0.074s / iter
performing summary at iteration: 46848
performing summary at iteration: 47104
speed: 0.541s / iter
data_gen timer: 0.074s / iter
performing summary at iteration: 47360
performing summary at iteration: 47616
speed: 0.541s / iter
data_gen timer: 0.074s / iter
performing summary at iteration: 47872
performing summary at iteration: 48128
speed: 0.541s / iter
data_gen timer: 0.074s / iter
performing summary at iteration: 48384
performing summary at iteration: 48640
speed: 0.541s / iter
data_gen timer: 0.074s / iter
performing summary at iteration: 48896
performing summary at iteration: 49152
speed: 0.541s / iter
data_gen timer: 0.074s / iter
performing summary at iteration: 49408
performing summary at iteration: 49664
speed: 0.540s / iter
data_gen timer: 0.074s / iter
performing summary at iteration: 49920
Saving BEV map file at location /home/mat/thesis/faster_rcnn_pytorch_multimodal/output/res101/waymo/lidar_a_bbox_a_cls_e_bbox_e_cls_train_all_24/trainval_drawn/iter_50000_0156144.png
Saving BEV map file at location /home/mat/thesis/faster_rcnn_pytorch_multimodal/output/res101/waymo/lidar_a_bbox_a_cls_e_bbox_e_cls_train_all_24/trainval_drawn/iter_50001_0013188.png
Saving BEV map file at location /home/mat/thesis/faster_rcnn_pytorch_multimodal/output/res101/waymo/lidar_a_bbox_a_cls_e_bbox_e_cls_train_all_24/trainval_drawn/iter_50002_0140145.png
Saving BEV map file at location /home/mat/thesis/faster_rcnn_pytorch_multimodal/output/res101/waymo/lidar_a_bbox_a_cls_e_bbox_e_cls_train_all_24/trainval_drawn/iter_50003_0136061.png
Saving BEV map file at location /home/mat/thesis/faster_rcnn_pytorch_multimodal/output/res101/waymo/lidar_a_bbox_a_cls_e_bbox_e_cls_train_all_24/trainval_drawn/iter_50004_0034030.png
Saving BEV map file at location /home/mat/thesis/faster_rcnn_pytorch_multimodal/output/res101/waymo/lidar_a_bbox_a_cls_e_bbox_e_cls_train_all_24/trainval_drawn/iter_50005_0002084.png
Saving BEV map file at location /home/mat/thesis/faster_rcnn_pytorch_multimodal/output/res101/waymo/lidar_a_bbox_a_cls_e_bbox_e_cls_train_all_24/trainval_drawn/iter_50006_0046008.png
Saving BEV map file at location /home/mat/thesis/faster_rcnn_pytorch_multimodal/output/res101/waymo/lidar_a_bbox_a_cls_e_bbox_e_cls_train_all_24/trainval_drawn/iter_50007_0068148.png
Saving BEV map file at location /home/mat/thesis/faster_rcnn_pytorch_multimodal/output/res101/waymo/lidar_a_bbox_a_cls_e_bbox_e_cls_train_all_24/trainval_drawn/iter_50008_0188008.png
Saving BEV map file at location /home/mat/thesis/faster_rcnn_pytorch_multimodal/output/res101/waymo/lidar_a_bbox_a_cls_e_bbox_e_cls_train_all_24/trainval_drawn/iter_50009_0000013.png
Saving BEV map file at location /home/mat/thesis/faster_rcnn_pytorch_multimodal/output/res101/waymo/lidar_a_bbox_a_cls_e_bbox_e_cls_train_all_24/trainval_drawn/iter_50010_0138108.png
Saving BEV map file at location /home/mat/thesis/faster_rcnn_pytorch_multimodal/output/res101/waymo/lidar_a_bbox_a_cls_e_bbox_e_cls_train_all_24/trainval_drawn/iter_50011_0057146.png
Saving BEV map file at location /home/mat/thesis/faster_rcnn_pytorch_multimodal/output/res101/waymo/lidar_a_bbox_a_cls_e_bbox_e_cls_train_all_24/trainval_drawn/iter_50012_0081036.png
Saving BEV map file at location /home/mat/thesis/faster_rcnn_pytorch_multimodal/output/res101/waymo/lidar_a_bbox_a_cls_e_bbox_e_cls_train_all_24/trainval_drawn/iter_50013_0107084.png
Saving BEV map file at location /home/mat/thesis/faster_rcnn_pytorch_multimodal/output/res101/waymo/lidar_a_bbox_a_cls_e_bbox_e_cls_train_all_24/trainval_drawn/iter_50014_0075121.png
Warning: NaN or Inf found in input tensor.
Saving BEV map file at location /home/mat/thesis/faster_rcnn_pytorch_multimodal/output/res101/waymo/lidar_a_bbox_a_cls_e_bbox_e_cls_train_all_24/trainval_drawn/iter_50015_0125179.png
Wrote snapshot to: /home/mat/thesis/faster_rcnn_pytorch_multimodal/output/res101/waymo/lidar_a_bbox_a_cls_e_bbox_e_cls_train_all_24/lidar_res101_faster_rcnn_iter_50000.pth
saving at 160 [31932 15831  8708 ... 12257 14897 23289]
saving at 50000 [73183 58044 61944 ... 59011 67224 71530]
performing summary at iteration: 50176
speed: 0.541s / iter
data_gen timer: 0.074s / iter
performing summary at iteration: 50432
performing summary at iteration: 50688
speed: 0.541s / iter
data_gen timer: 0.074s / iter
performing summary at iteration: 50944
performing summary at iteration: 51200
speed: 0.541s / iter
data_gen timer: 0.074s / iter
performing summary at iteration: 51456
performing summary at iteration: 51712
speed: 0.540s / iter
data_gen timer: 0.074s / iter
performing summary at iteration: 51968
performing summary at iteration: 52224
speed: 0.540s / iter
data_gen timer: 0.074s / iter
performing summary at iteration: 52480
performing summary at iteration: 52736
speed: 0.540s / iter
data_gen timer: 0.074s / iter
performing summary at iteration: 52992
performing summary at iteration: 53248
speed: 0.540s / iter
data_gen timer: 0.074s / iter
performing summary at iteration: 53504
performing summary at iteration: 53760
speed: 0.540s / iter
data_gen timer: 0.074s / iter
performing summary at iteration: 54016
performing summary at iteration: 54272
speed: 0.540s / iter
data_gen timer: 0.074s / iter
performing summary at iteration: 54528
performing summary at iteration: 54784
speed: 0.540s / iter
data_gen timer: 0.074s / iter
Saving BEV map file at location /home/mat/thesis/faster_rcnn_pytorch_multimodal/output/res101/waymo/lidar_a_bbox_a_cls_e_bbox_e_cls_train_all_24/trainval_drawn/iter_55000_0001109.png
Saving BEV map file at location /home/mat/thesis/faster_rcnn_pytorch_multimodal/output/res101/waymo/lidar_a_bbox_a_cls_e_bbox_e_cls_train_all_24/trainval_drawn/iter_55001_0164044.png
Saving BEV map file at location /home/mat/thesis/faster_rcnn_pytorch_multimodal/output/res101/waymo/lidar_a_bbox_a_cls_e_bbox_e_cls_train_all_24/trainval_drawn/iter_55002_0174074.png
Saving BEV map file at location /home/mat/thesis/faster_rcnn_pytorch_multimodal/output/res101/waymo/lidar_a_bbox_a_cls_e_bbox_e_cls_train_all_24/trainval_drawn/iter_55003_0017105.png
Saving BEV map file at location /home/mat/thesis/faster_rcnn_pytorch_multimodal/output/res101/waymo/lidar_a_bbox_a_cls_e_bbox_e_cls_train_all_24/trainval_drawn/iter_55004_0170069.png
Saving BEV map file at location /home/mat/thesis/faster_rcnn_pytorch_multimodal/output/res101/waymo/lidar_a_bbox_a_cls_e_bbox_e_cls_train_all_24/trainval_drawn/iter_55005_0047137.png
Saving BEV map file at location /home/mat/thesis/faster_rcnn_pytorch_multimodal/output/res101/waymo/lidar_a_bbox_a_cls_e_bbox_e_cls_train_all_24/trainval_drawn/iter_55006_0177089.png
no detections for image over threshold 0.4
draw and save: No detections for pc /home/mat/thesis/data2/waymo/val/point_clouds/0118169.npy, class: 1
Saving BEV map file at location /home/mat/thesis/faster_rcnn_pytorch_multimodal/output/res101/waymo/lidar_a_bbox_a_cls_e_bbox_e_cls_train_all_24/trainval_drawn/iter_55007_0118169.png
Saving BEV map file at location /home/mat/thesis/faster_rcnn_pytorch_multimodal/output/res101/waymo/lidar_a_bbox_a_cls_e_bbox_e_cls_train_all_24/trainval_drawn/iter_55008_0079076.png
Saving BEV map file at location /home/mat/thesis/faster_rcnn_pytorch_multimodal/output/res101/waymo/lidar_a_bbox_a_cls_e_bbox_e_cls_train_all_24/trainval_drawn/iter_55009_0172127.png
Saving BEV map file at location /home/mat/thesis/faster_rcnn_pytorch_multimodal/output/res101/waymo/lidar_a_bbox_a_cls_e_bbox_e_cls_train_all_24/trainval_drawn/iter_55010_0019127.png
Saving BEV map file at location /home/mat/thesis/faster_rcnn_pytorch_multimodal/output/res101/waymo/lidar_a_bbox_a_cls_e_bbox_e_cls_train_all_24/trainval_drawn/iter_55011_0150097.png
Saving BEV map file at location /home/mat/thesis/faster_rcnn_pytorch_multimodal/output/res101/waymo/lidar_a_bbox_a_cls_e_bbox_e_cls_train_all_24/trainval_drawn/iter_55012_0016167.png
Saving BEV map file at location /home/mat/thesis/faster_rcnn_pytorch_multimodal/output/res101/waymo/lidar_a_bbox_a_cls_e_bbox_e_cls_train_all_24/trainval_drawn/iter_55013_0128173.png
Saving BEV map file at location /home/mat/thesis/faster_rcnn_pytorch_multimodal/output/res101/waymo/lidar_a_bbox_a_cls_e_bbox_e_cls_train_all_24/trainval_drawn/iter_55014_0109066.png
Warning: NaN or Inf found in input tensor.
Saving BEV map file at location /home/mat/thesis/faster_rcnn_pytorch_multimodal/output/res101/waymo/lidar_a_bbox_a_cls_e_bbox_e_cls_train_all_24/trainval_drawn/iter_55015_0146142.png
Wrote snapshot to: /home/mat/thesis/faster_rcnn_pytorch_multimodal/output/res101/waymo/lidar_a_bbox_a_cls_e_bbox_e_cls_train_all_24/lidar_res101_faster_rcnn_iter_55000.pth
saving at 176 [31932 15831  8708 ... 12257 14897 23289]
saving at 55000 [73183 58044 61944 ... 59011 67224 71530]
performing summary at iteration: 55040
performing summary at iteration: 55296
speed: 0.540s / iter
data_gen timer: 0.074s / iter
performing summary at iteration: 55552
performing summary at iteration: 55808
speed: 0.540s / iter
data_gen timer: 0.074s / iter
performing summary at iteration: 56064
performing summary at iteration: 56320
speed: 0.540s / iter
data_gen timer: 0.074s / iter
performing summary at iteration: 56576
performing summary at iteration: 56832
speed: 0.540s / iter
data_gen timer: 0.074s / iter
performing summary at iteration: 57088
performing summary at iteration: 57344
speed: 0.540s / iter
data_gen timer: 0.074s / iter
performing summary at iteration: 57600
performing summary at iteration: 57856
speed: 0.539s / iter
data_gen timer: 0.074s / iter
performing summary at iteration: 58112
performing summary at iteration: 58368
speed: 0.539s / iter
data_gen timer: 0.074s / iter
performing summary at iteration: 58624
performing summary at iteration: 58880
speed: 0.539s / iter
data_gen timer: 0.074s / iter
performing summary at iteration: 59136
performing summary at iteration: 59392
speed: 0.539s / iter
data_gen timer: 0.074s / iter
performing summary at iteration: 59648
performing summary at iteration: 59904
speed: 0.539s / iter
data_gen timer: 0.074s / iter
Saving BEV map file at location /home/mat/thesis/faster_rcnn_pytorch_multimodal/output/res101/waymo/lidar_a_bbox_a_cls_e_bbox_e_cls_train_all_24/trainval_drawn/iter_60000_0091049.png
Saving BEV map file at location /home/mat/thesis/faster_rcnn_pytorch_multimodal/output/res101/waymo/lidar_a_bbox_a_cls_e_bbox_e_cls_train_all_24/trainval_drawn/iter_60001_0022080.png
Saving BEV map file at location /home/mat/thesis/faster_rcnn_pytorch_multimodal/output/res101/waymo/lidar_a_bbox_a_cls_e_bbox_e_cls_train_all_24/trainval_drawn/iter_60002_0070195.png
Saving BEV map file at location /home/mat/thesis/faster_rcnn_pytorch_multimodal/output/res101/waymo/lidar_a_bbox_a_cls_e_bbox_e_cls_train_all_24/trainval_drawn/iter_60003_0182114.png
Saving BEV map file at location /home/mat/thesis/faster_rcnn_pytorch_multimodal/output/res101/waymo/lidar_a_bbox_a_cls_e_bbox_e_cls_train_all_24/trainval_drawn/iter_60004_0115040.png
Saving BEV map file at location /home/mat/thesis/faster_rcnn_pytorch_multimodal/output/res101/waymo/lidar_a_bbox_a_cls_e_bbox_e_cls_train_all_24/trainval_drawn/iter_60005_0060057.png
Saving BEV map file at location /home/mat/thesis/faster_rcnn_pytorch_multimodal/output/res101/waymo/lidar_a_bbox_a_cls_e_bbox_e_cls_train_all_24/trainval_drawn/iter_60006_0104010.png
Saving BEV map file at location /home/mat/thesis/faster_rcnn_pytorch_multimodal/output/res101/waymo/lidar_a_bbox_a_cls_e_bbox_e_cls_train_all_24/trainval_drawn/iter_60007_0084137.png
Saving BEV map file at location /home/mat/thesis/faster_rcnn_pytorch_multimodal/output/res101/waymo/lidar_a_bbox_a_cls_e_bbox_e_cls_train_all_24/trainval_drawn/iter_60008_0194191.png
Saving BEV map file at location /home/mat/thesis/faster_rcnn_pytorch_multimodal/output/res101/waymo/lidar_a_bbox_a_cls_e_bbox_e_cls_train_all_24/trainval_drawn/iter_60009_0158085.png
Saving BEV map file at location /home/mat/thesis/faster_rcnn_pytorch_multimodal/output/res101/waymo/lidar_a_bbox_a_cls_e_bbox_e_cls_train_all_24/trainval_drawn/iter_60010_0121139.png
Saving BEV map file at location /home/mat/thesis/faster_rcnn_pytorch_multimodal/output/res101/waymo/lidar_a_bbox_a_cls_e_bbox_e_cls_train_all_24/trainval_drawn/iter_60011_0121128.png
Saving BEV map file at location /home/mat/thesis/faster_rcnn_pytorch_multimodal/output/res101/waymo/lidar_a_bbox_a_cls_e_bbox_e_cls_train_all_24/trainval_drawn/iter_60012_0009013.png
Saving BEV map file at location /home/mat/thesis/faster_rcnn_pytorch_multimodal/output/res101/waymo/lidar_a_bbox_a_cls_e_bbox_e_cls_train_all_24/trainval_drawn/iter_60013_0148038.png
Saving BEV map file at location /home/mat/thesis/faster_rcnn_pytorch_multimodal/output/res101/waymo/lidar_a_bbox_a_cls_e_bbox_e_cls_train_all_24/trainval_drawn/iter_60014_0011169.png
Warning: NaN or Inf found in input tensor.
Saving BEV map file at location /home/mat/thesis/faster_rcnn_pytorch_multimodal/output/res101/waymo/lidar_a_bbox_a_cls_e_bbox_e_cls_train_all_24/trainval_drawn/iter_60015_0180084.png
Wrote snapshot to: /home/mat/thesis/faster_rcnn_pytorch_multimodal/output/res101/waymo/lidar_a_bbox_a_cls_e_bbox_e_cls_train_all_24/lidar_res101_faster_rcnn_iter_60000.pth
saving at 192 [31932 15831  8708 ... 12257 14897 23289]
saving at 60000 [73183 58044 61944 ... 59011 67224 71530]
performing summary at iteration: 60160
performing summary at iteration: 60416
speed: 0.539s / iter
data_gen timer: 0.074s / iter
performing summary at iteration: 60672
performing summary at iteration: 60928
speed: 0.539s / iter
data_gen timer: 0.074s / iter
performing summary at iteration: 61184
performing summary at iteration: 61440
speed: 0.539s / iter
data_gen timer: 0.074s / iter
performing summary at iteration: 61696
performing summary at iteration: 61952
speed: 0.539s / iter
data_gen timer: 0.074s / iter
performing summary at iteration: 62208
performing summary at iteration: 62464
speed: 0.539s / iter
data_gen timer: 0.074s / iter
performing summary at iteration: 62720
performing summary at iteration: 62976
speed: 0.539s / iter
data_gen timer: 0.074s / iter
performing summary at iteration: 63232
performing summary at iteration: 63488
speed: 0.539s / iter
data_gen timer: 0.074s / iter
performing summary at iteration: 63744
performing summary at iteration: 64000
speed: 0.539s / iter
data_gen timer: 0.074s / iter
performing summary at iteration: 64256
performing summary at iteration: 64512
speed: 0.539s / iter
data_gen timer: 0.074s / iter
performing summary at iteration: 64768
Saving BEV map file at location /home/mat/thesis/faster_rcnn_pytorch_multimodal/output/res101/waymo/lidar_a_bbox_a_cls_e_bbox_e_cls_train_all_24/trainval_drawn/iter_65000_0188012.png
Saving BEV map file at location /home/mat/thesis/faster_rcnn_pytorch_multimodal/output/res101/waymo/lidar_a_bbox_a_cls_e_bbox_e_cls_train_all_24/trainval_drawn/iter_65001_0033005.png
Saving BEV map file at location /home/mat/thesis/faster_rcnn_pytorch_multimodal/output/res101/waymo/lidar_a_bbox_a_cls_e_bbox_e_cls_train_all_24/trainval_drawn/iter_65002_0052188.png
Saving BEV map file at location /home/mat/thesis/faster_rcnn_pytorch_multimodal/output/res101/waymo/lidar_a_bbox_a_cls_e_bbox_e_cls_train_all_24/trainval_drawn/iter_65003_0135180.png
Saving BEV map file at location /home/mat/thesis/faster_rcnn_pytorch_multimodal/output/res101/waymo/lidar_a_bbox_a_cls_e_bbox_e_cls_train_all_24/trainval_drawn/iter_65004_0152006.png
Saving BEV map file at location /home/mat/thesis/faster_rcnn_pytorch_multimodal/output/res101/waymo/lidar_a_bbox_a_cls_e_bbox_e_cls_train_all_24/trainval_drawn/iter_65005_0076143.png
Saving BEV map file at location /home/mat/thesis/faster_rcnn_pytorch_multimodal/output/res101/waymo/lidar_a_bbox_a_cls_e_bbox_e_cls_train_all_24/trainval_drawn/iter_65006_0157131.png
Saving BEV map file at location /home/mat/thesis/faster_rcnn_pytorch_multimodal/output/res101/waymo/lidar_a_bbox_a_cls_e_bbox_e_cls_train_all_24/trainval_drawn/iter_65007_0158136.png
Saving BEV map file at location /home/mat/thesis/faster_rcnn_pytorch_multimodal/output/res101/waymo/lidar_a_bbox_a_cls_e_bbox_e_cls_train_all_24/trainval_drawn/iter_65008_0020152.png
Saving BEV map file at location /home/mat/thesis/faster_rcnn_pytorch_multimodal/output/res101/waymo/lidar_a_bbox_a_cls_e_bbox_e_cls_train_all_24/trainval_drawn/iter_65009_0144113.png
Saving BEV map file at location /home/mat/thesis/faster_rcnn_pytorch_multimodal/output/res101/waymo/lidar_a_bbox_a_cls_e_bbox_e_cls_train_all_24/trainval_drawn/iter_65010_0051101.png
Saving BEV map file at location /home/mat/thesis/faster_rcnn_pytorch_multimodal/output/res101/waymo/lidar_a_bbox_a_cls_e_bbox_e_cls_train_all_24/trainval_drawn/iter_65011_0051053.png
Saving BEV map file at location /home/mat/thesis/faster_rcnn_pytorch_multimodal/output/res101/waymo/lidar_a_bbox_a_cls_e_bbox_e_cls_train_all_24/trainval_drawn/iter_65012_0120146.png
no detections for image over threshold 0.4
draw and save: No detections for pc /home/mat/thesis/data2/waymo/val/point_clouds/0016001.npy, class: 1
Saving BEV map file at location /home/mat/thesis/faster_rcnn_pytorch_multimodal/output/res101/waymo/lidar_a_bbox_a_cls_e_bbox_e_cls_train_all_24/trainval_drawn/iter_65013_0016001.png
Saving BEV map file at location /home/mat/thesis/faster_rcnn_pytorch_multimodal/output/res101/waymo/lidar_a_bbox_a_cls_e_bbox_e_cls_train_all_24/trainval_drawn/iter_65014_0148061.png
Warning: NaN or Inf found in input tensor.
Saving BEV map file at location /home/mat/thesis/faster_rcnn_pytorch_multimodal/output/res101/waymo/lidar_a_bbox_a_cls_e_bbox_e_cls_train_all_24/trainval_drawn/iter_65015_0127155.png
Wrote snapshot to: /home/mat/thesis/faster_rcnn_pytorch_multimodal/output/res101/waymo/lidar_a_bbox_a_cls_e_bbox_e_cls_train_all_24/lidar_res101_faster_rcnn_iter_65000.pth
saving at 208 [31932 15831  8708 ... 12257 14897 23289]
saving at 65000 [73183 58044 61944 ... 59011 67224 71530]
performing summary at iteration: 65024
speed: 0.539s / iter
data_gen timer: 0.074s / iter
performing summary at iteration: 65280
performing summary at iteration: 65536
speed: 0.539s / iter
data_gen timer: 0.074s / iter
performing summary at iteration: 65792
performing summary at iteration: 66048
speed: 0.539s / iter
data_gen timer: 0.074s / iter
performing summary at iteration: 66304
performing summary at iteration: 66560
speed: 0.539s / iter
data_gen timer: 0.074s / iter
performing summary at iteration: 66816
performing summary at iteration: 67072
speed: 0.539s / iter
data_gen timer: 0.074s / iter
performing summary at iteration: 67328
performing summary at iteration: 67584
speed: 0.539s / iter
data_gen timer: 0.074s / iter
performing summary at iteration: 67840
performing summary at iteration: 68096
speed: 0.539s / iter
data_gen timer: 0.074s / iter
performing summary at iteration: 68352
performing summary at iteration: 68608
speed: 0.539s / iter
data_gen timer: 0.074s / iter
performing summary at iteration: 68864
performing summary at iteration: 69120
speed: 0.539s / iter
data_gen timer: 0.074s / iter
performing summary at iteration: 69376
performing summary at iteration: 69632
speed: 0.539s / iter
data_gen timer: 0.074s / iter
performing summary at iteration: 69888
Saving BEV map file at location /home/mat/thesis/faster_rcnn_pytorch_multimodal/output/res101/waymo/lidar_a_bbox_a_cls_e_bbox_e_cls_train_all_24/trainval_drawn/iter_70000_0049038.png
Saving BEV map file at location /home/mat/thesis/faster_rcnn_pytorch_multimodal/output/res101/waymo/lidar_a_bbox_a_cls_e_bbox_e_cls_train_all_24/trainval_drawn/iter_70001_0150188.png
Saving BEV map file at location /home/mat/thesis/faster_rcnn_pytorch_multimodal/output/res101/waymo/lidar_a_bbox_a_cls_e_bbox_e_cls_train_all_24/trainval_drawn/iter_70002_0065104.png
Saving BEV map file at location /home/mat/thesis/faster_rcnn_pytorch_multimodal/output/res101/waymo/lidar_a_bbox_a_cls_e_bbox_e_cls_train_all_24/trainval_drawn/iter_70003_0091012.png
Saving BEV map file at location /home/mat/thesis/faster_rcnn_pytorch_multimodal/output/res101/waymo/lidar_a_bbox_a_cls_e_bbox_e_cls_train_all_24/trainval_drawn/iter_70004_0096009.png
Saving BEV map file at location /home/mat/thesis/faster_rcnn_pytorch_multimodal/output/res101/waymo/lidar_a_bbox_a_cls_e_bbox_e_cls_train_all_24/trainval_drawn/iter_70005_0098019.png
Saving BEV map file at location /home/mat/thesis/faster_rcnn_pytorch_multimodal/output/res101/waymo/lidar_a_bbox_a_cls_e_bbox_e_cls_train_all_24/trainval_drawn/iter_70006_0097153.png
Saving BEV map file at location /home/mat/thesis/faster_rcnn_pytorch_multimodal/output/res101/waymo/lidar_a_bbox_a_cls_e_bbox_e_cls_train_all_24/trainval_drawn/iter_70007_0097041.png
Saving BEV map file at location /home/mat/thesis/faster_rcnn_pytorch_multimodal/output/res101/waymo/lidar_a_bbox_a_cls_e_bbox_e_cls_train_all_24/trainval_drawn/iter_70008_0170061.png
Saving BEV map file at location /home/mat/thesis/faster_rcnn_pytorch_multimodal/output/res101/waymo/lidar_a_bbox_a_cls_e_bbox_e_cls_train_all_24/trainval_drawn/iter_70009_0178117.png
Saving BEV map file at location /home/mat/thesis/faster_rcnn_pytorch_multimodal/output/res101/waymo/lidar_a_bbox_a_cls_e_bbox_e_cls_train_all_24/trainval_drawn/iter_70010_0049119.png
Saving BEV map file at location /home/mat/thesis/faster_rcnn_pytorch_multimodal/output/res101/waymo/lidar_a_bbox_a_cls_e_bbox_e_cls_train_all_24/trainval_drawn/iter_70011_0092062.png
Saving BEV map file at location /home/mat/thesis/faster_rcnn_pytorch_multimodal/output/res101/waymo/lidar_a_bbox_a_cls_e_bbox_e_cls_train_all_24/trainval_drawn/iter_70012_0066168.png
Saving BEV map file at location /home/mat/thesis/faster_rcnn_pytorch_multimodal/output/res101/waymo/lidar_a_bbox_a_cls_e_bbox_e_cls_train_all_24/trainval_drawn/iter_70013_0081119.png
Saving BEV map file at location /home/mat/thesis/faster_rcnn_pytorch_multimodal/output/res101/waymo/lidar_a_bbox_a_cls_e_bbox_e_cls_train_all_24/trainval_drawn/iter_70014_0045033.png
Warning: NaN or Inf found in input tensor.
Saving BEV map file at location /home/mat/thesis/faster_rcnn_pytorch_multimodal/output/res101/waymo/lidar_a_bbox_a_cls_e_bbox_e_cls_train_all_24/trainval_drawn/iter_70015_0038061.png
Wrote snapshot to: /home/mat/thesis/faster_rcnn_pytorch_multimodal/output/res101/waymo/lidar_a_bbox_a_cls_e_bbox_e_cls_train_all_24/lidar_res101_faster_rcnn_iter_70000.pth
saving at 224 [31932 15831  8708 ... 12257 14897 23289]
saving at 70000 [73183 58044 61944 ... 59011 67224 71530]
Wrote snapshot to: /home/mat/thesis/faster_rcnn_pytorch_multimodal/output/res101/waymo/lidar_a_bbox_a_cls_e_bbox_e_cls_train_all_24/lidar_res101_faster_rcnn_iter_70001.pth
saving at 224 [31932 15831  8708 ... 12257 14897 23289]
saving at 70000 [73183 58044 61944 ... 59011 67224 71530]
Reducing learning rate
performing summary at iteration: 70144
speed: 0.539s / iter
data_gen timer: 0.074s / iter
performing summary at iteration: 70400
performing summary at iteration: 70656
speed: 0.539s / iter
data_gen timer: 0.074s / iter
performing summary at iteration: 70912
performing summary at iteration: 71168
speed: 0.539s / iter
data_gen timer: 0.074s / iter
performing summary at iteration: 71424
performing summary at iteration: 71680
speed: 0.539s / iter
data_gen timer: 0.074s / iter
performing summary at iteration: 71936
performing summary at iteration: 72192
speed: 0.539s / iter
data_gen timer: 0.074s / iter
performing summary at iteration: 72448
performing summary at iteration: 72704
speed: 0.539s / iter
data_gen timer: 0.074s / iter
performing summary at iteration: 72960
performing summary at iteration: 73216
speed: 0.538s / iter
data_gen timer: 0.074s / iter
performing summary at iteration: 73472
performing summary at iteration: 73728
speed: 0.538s / iter
data_gen timer: 0.074s / iter
performing summary at iteration: 73984
performing summary at iteration: 74240
speed: 0.538s / iter
data_gen timer: 0.074s / iter
performing summary at iteration: 74496
performing summary at iteration: 74752
speed: 0.538s / iter
data_gen timer: 0.074s / iter
Saving BEV map file at location /home/mat/thesis/faster_rcnn_pytorch_multimodal/output/res101/waymo/lidar_a_bbox_a_cls_e_bbox_e_cls_train_all_24/trainval_drawn/iter_75000_0036085.png
Saving BEV map file at location /home/mat/thesis/faster_rcnn_pytorch_multimodal/output/res101/waymo/lidar_a_bbox_a_cls_e_bbox_e_cls_train_all_24/trainval_drawn/iter_75001_0194165.png
Saving BEV map file at location /home/mat/thesis/faster_rcnn_pytorch_multimodal/output/res101/waymo/lidar_a_bbox_a_cls_e_bbox_e_cls_train_all_24/trainval_drawn/iter_75002_0096031.png
Saving BEV map file at location /home/mat/thesis/faster_rcnn_pytorch_multimodal/output/res101/waymo/lidar_a_bbox_a_cls_e_bbox_e_cls_train_all_24/trainval_drawn/iter_75003_0062085.png
Saving BEV map file at location /home/mat/thesis/faster_rcnn_pytorch_multimodal/output/res101/waymo/lidar_a_bbox_a_cls_e_bbox_e_cls_train_all_24/trainval_drawn/iter_75004_0001020.png
Saving BEV map file at location /home/mat/thesis/faster_rcnn_pytorch_multimodal/output/res101/waymo/lidar_a_bbox_a_cls_e_bbox_e_cls_train_all_24/trainval_drawn/iter_75005_0052054.png
Saving BEV map file at location /home/mat/thesis/faster_rcnn_pytorch_multimodal/output/res101/waymo/lidar_a_bbox_a_cls_e_bbox_e_cls_train_all_24/trainval_drawn/iter_75006_0003185.png
Saving BEV map file at location /home/mat/thesis/faster_rcnn_pytorch_multimodal/output/res101/waymo/lidar_a_bbox_a_cls_e_bbox_e_cls_train_all_24/trainval_drawn/iter_75007_0171087.png
Saving BEV map file at location /home/mat/thesis/faster_rcnn_pytorch_multimodal/output/res101/waymo/lidar_a_bbox_a_cls_e_bbox_e_cls_train_all_24/trainval_drawn/iter_75008_0072119.png
Saving BEV map file at location /home/mat/thesis/faster_rcnn_pytorch_multimodal/output/res101/waymo/lidar_a_bbox_a_cls_e_bbox_e_cls_train_all_24/trainval_drawn/iter_75009_0089167.png
Saving BEV map file at location /home/mat/thesis/faster_rcnn_pytorch_multimodal/output/res101/waymo/lidar_a_bbox_a_cls_e_bbox_e_cls_train_all_24/trainval_drawn/iter_75010_0131147.png
Saving BEV map file at location /home/mat/thesis/faster_rcnn_pytorch_multimodal/output/res101/waymo/lidar_a_bbox_a_cls_e_bbox_e_cls_train_all_24/trainval_drawn/iter_75011_0068035.png
Saving BEV map file at location /home/mat/thesis/faster_rcnn_pytorch_multimodal/output/res101/waymo/lidar_a_bbox_a_cls_e_bbox_e_cls_train_all_24/trainval_drawn/iter_75012_0081135.png
Saving BEV map file at location /home/mat/thesis/faster_rcnn_pytorch_multimodal/output/res101/waymo/lidar_a_bbox_a_cls_e_bbox_e_cls_train_all_24/trainval_drawn/iter_75013_0143044.png
Saving BEV map file at location /home/mat/thesis/faster_rcnn_pytorch_multimodal/output/res101/waymo/lidar_a_bbox_a_cls_e_bbox_e_cls_train_all_24/trainval_drawn/iter_75014_0111168.png
Warning: NaN or Inf found in input tensor.
Saving BEV map file at location /home/mat/thesis/faster_rcnn_pytorch_multimodal/output/res101/waymo/lidar_a_bbox_a_cls_e_bbox_e_cls_train_all_24/trainval_drawn/iter_75015_0122155.png
Wrote snapshot to: /home/mat/thesis/faster_rcnn_pytorch_multimodal/output/res101/waymo/lidar_a_bbox_a_cls_e_bbox_e_cls_train_all_24/lidar_res101_faster_rcnn_iter_75000.pth
saving at 240 [31932 15831  8708 ... 12257 14897 23289]
saving at 75000 [73183 58044 61944 ... 59011 67224 71530]
performing summary at iteration: 75008
performing summary at iteration: 75264
speed: 0.539s / iter
data_gen timer: 0.074s / iter
performing summary at iteration: 75520
----------------------------------------------------
epoch average loss: -0.199769
----------------------------------------------------
performing summary at iteration: 75776
speed: 0.539s / iter
data_gen timer: 0.074s / iter
performing summary at iteration: 76032
performing summary at iteration: 76288
speed: 0.539s / iter
data_gen timer: 0.074s / iter
performing summary at iteration: 76544
performing summary at iteration: 76800
speed: 0.538s / iter
data_gen timer: 0.074s / iter
performing summary at iteration: 77056
performing summary at iteration: 77312
speed: 0.538s / iter
data_gen timer: 0.074s / iter
performing summary at iteration: 77568
performing summary at iteration: 77824
speed: 0.538s / iter
data_gen timer: 0.074s / iter
performing summary at iteration: 78080
performing summary at iteration: 78336
speed: 0.538s / iter
data_gen timer: 0.074s / iter
performing summary at iteration: 78592
performing summary at iteration: 78848
speed: 0.538s / iter
data_gen timer: 0.074s / iter
performing summary at iteration: 79104
performing summary at iteration: 79360
speed: 0.538s / iter
data_gen timer: 0.074s / iter
performing summary at iteration: 79616
performing summary at iteration: 79872
speed: 0.538s / iter
data_gen timer: 0.074s / iter
Saving BEV map file at location /home/mat/thesis/faster_rcnn_pytorch_multimodal/output/res101/waymo/lidar_a_bbox_a_cls_e_bbox_e_cls_train_all_24/trainval_drawn/iter_80000_0170147.png
Saving BEV map file at location /home/mat/thesis/faster_rcnn_pytorch_multimodal/output/res101/waymo/lidar_a_bbox_a_cls_e_bbox_e_cls_train_all_24/trainval_drawn/iter_80001_0184187.png
Saving BEV map file at location /home/mat/thesis/faster_rcnn_pytorch_multimodal/output/res101/waymo/lidar_a_bbox_a_cls_e_bbox_e_cls_train_all_24/trainval_drawn/iter_80002_0017171.png
Saving BEV map file at location /home/mat/thesis/faster_rcnn_pytorch_multimodal/output/res101/waymo/lidar_a_bbox_a_cls_e_bbox_e_cls_train_all_24/trainval_drawn/iter_80003_0128067.png
Saving BEV map file at location /home/mat/thesis/faster_rcnn_pytorch_multimodal/output/res101/waymo/lidar_a_bbox_a_cls_e_bbox_e_cls_train_all_24/trainval_drawn/iter_80004_0042174.png
Saving BEV map file at location /home/mat/thesis/faster_rcnn_pytorch_multimodal/output/res101/waymo/lidar_a_bbox_a_cls_e_bbox_e_cls_train_all_24/trainval_drawn/iter_80005_0080019.png
Saving BEV map file at location /home/mat/thesis/faster_rcnn_pytorch_multimodal/output/res101/waymo/lidar_a_bbox_a_cls_e_bbox_e_cls_train_all_24/trainval_drawn/iter_80006_0186147.png
Saving BEV map file at location /home/mat/thesis/faster_rcnn_pytorch_multimodal/output/res101/waymo/lidar_a_bbox_a_cls_e_bbox_e_cls_train_all_24/trainval_drawn/iter_80007_0066019.png
Saving BEV map file at location /home/mat/thesis/faster_rcnn_pytorch_multimodal/output/res101/waymo/lidar_a_bbox_a_cls_e_bbox_e_cls_train_all_24/trainval_drawn/iter_80008_0018189.png
Saving BEV map file at location /home/mat/thesis/faster_rcnn_pytorch_multimodal/output/res101/waymo/lidar_a_bbox_a_cls_e_bbox_e_cls_train_all_24/trainval_drawn/iter_80009_0075119.png
Saving BEV map file at location /home/mat/thesis/faster_rcnn_pytorch_multimodal/output/res101/waymo/lidar_a_bbox_a_cls_e_bbox_e_cls_train_all_24/trainval_drawn/iter_80010_0028107.png
Saving BEV map file at location /home/mat/thesis/faster_rcnn_pytorch_multimodal/output/res101/waymo/lidar_a_bbox_a_cls_e_bbox_e_cls_train_all_24/trainval_drawn/iter_80011_0179119.png
Saving BEV map file at location /home/mat/thesis/faster_rcnn_pytorch_multimodal/output/res101/waymo/lidar_a_bbox_a_cls_e_bbox_e_cls_train_all_24/trainval_drawn/iter_80012_0049097.png
Saving BEV map file at location /home/mat/thesis/faster_rcnn_pytorch_multimodal/output/res101/waymo/lidar_a_bbox_a_cls_e_bbox_e_cls_train_all_24/trainval_drawn/iter_80013_0122096.png
Saving BEV map file at location /home/mat/thesis/faster_rcnn_pytorch_multimodal/output/res101/waymo/lidar_a_bbox_a_cls_e_bbox_e_cls_train_all_24/trainval_drawn/iter_80014_0138069.png
Warning: NaN or Inf found in input tensor.
Saving BEV map file at location /home/mat/thesis/faster_rcnn_pytorch_multimodal/output/res101/waymo/lidar_a_bbox_a_cls_e_bbox_e_cls_train_all_24/trainval_drawn/iter_80015_0069076.png
Wrote snapshot to: /home/mat/thesis/faster_rcnn_pytorch_multimodal/output/res101/waymo/lidar_a_bbox_a_cls_e_bbox_e_cls_train_all_24/lidar_res101_faster_rcnn_iter_80000.pth
saving at 256 [31932 15831  8708 ... 12257 14897 23289]
saving at 4347 [33238 23798 33700 ...  4972 63104 19825]
performing summary at iteration: 80128
performing summary at iteration: 80384
speed: 0.538s / iter
data_gen timer: 0.074s / iter
performing summary at iteration: 80640
performing summary at iteration: 80896
speed: 0.538s / iter
data_gen timer: 0.074s / iter
performing summary at iteration: 81152
performing summary at iteration: 81408
speed: 0.538s / iter
data_gen timer: 0.074s / iter
performing summary at iteration: 81664
performing summary at iteration: 81920
speed: 0.538s / iter
data_gen timer: 0.074s / iter
performing summary at iteration: 82176
performing summary at iteration: 82432
speed: 0.538s / iter
data_gen timer: 0.074s / iter
performing summary at iteration: 82688
performing summary at iteration: 82944
speed: 0.538s / iter
data_gen timer: 0.074s / iter
performing summary at iteration: 83200
performing summary at iteration: 83456
speed: 0.538s / iter
data_gen timer: 0.074s / iter
performing summary at iteration: 83712
performing summary at iteration: 83968
speed: 0.538s / iter
data_gen timer: 0.074s / iter
performing summary at iteration: 84224
performing summary at iteration: 84480
speed: 0.538s / iter
data_gen timer: 0.074s / iter
performing summary at iteration: 84736
performing summary at iteration: 84992
speed: 0.538s / iter
data_gen timer: 0.074s / iter
Saving BEV map file at location /home/mat/thesis/faster_rcnn_pytorch_multimodal/output/res101/waymo/lidar_a_bbox_a_cls_e_bbox_e_cls_train_all_24/trainval_drawn/iter_85000_0145071.png
Saving BEV map file at location /home/mat/thesis/faster_rcnn_pytorch_multimodal/output/res101/waymo/lidar_a_bbox_a_cls_e_bbox_e_cls_train_all_24/trainval_drawn/iter_85001_0030034.png
Saving BEV map file at location /home/mat/thesis/faster_rcnn_pytorch_multimodal/output/res101/waymo/lidar_a_bbox_a_cls_e_bbox_e_cls_train_all_24/trainval_drawn/iter_85002_0063022.png
Saving BEV map file at location /home/mat/thesis/faster_rcnn_pytorch_multimodal/output/res101/waymo/lidar_a_bbox_a_cls_e_bbox_e_cls_train_all_24/trainval_drawn/iter_85003_0135184.png
Saving BEV map file at location /home/mat/thesis/faster_rcnn_pytorch_multimodal/output/res101/waymo/lidar_a_bbox_a_cls_e_bbox_e_cls_train_all_24/trainval_drawn/iter_85004_0128071.png
Saving BEV map file at location /home/mat/thesis/faster_rcnn_pytorch_multimodal/output/res101/waymo/lidar_a_bbox_a_cls_e_bbox_e_cls_train_all_24/trainval_drawn/iter_85005_0108076.png
Saving BEV map file at location /home/mat/thesis/faster_rcnn_pytorch_multimodal/output/res101/waymo/lidar_a_bbox_a_cls_e_bbox_e_cls_train_all_24/trainval_drawn/iter_85006_0192097.png
Saving BEV map file at location /home/mat/thesis/faster_rcnn_pytorch_multimodal/output/res101/waymo/lidar_a_bbox_a_cls_e_bbox_e_cls_train_all_24/trainval_drawn/iter_85007_0103140.png
Saving BEV map file at location /home/mat/thesis/faster_rcnn_pytorch_multimodal/output/res101/waymo/lidar_a_bbox_a_cls_e_bbox_e_cls_train_all_24/trainval_drawn/iter_85008_0178193.png
Saving BEV map file at location /home/mat/thesis/faster_rcnn_pytorch_multimodal/output/res101/waymo/lidar_a_bbox_a_cls_e_bbox_e_cls_train_all_24/trainval_drawn/iter_85009_0188166.png
Saving BEV map file at location /home/mat/thesis/faster_rcnn_pytorch_multimodal/output/res101/waymo/lidar_a_bbox_a_cls_e_bbox_e_cls_train_all_24/trainval_drawn/iter_85010_0127046.png
Saving BEV map file at location /home/mat/thesis/faster_rcnn_pytorch_multimodal/output/res101/waymo/lidar_a_bbox_a_cls_e_bbox_e_cls_train_all_24/trainval_drawn/iter_85011_0106106.png
Saving BEV map file at location /home/mat/thesis/faster_rcnn_pytorch_multimodal/output/res101/waymo/lidar_a_bbox_a_cls_e_bbox_e_cls_train_all_24/trainval_drawn/iter_85012_0175052.png
Saving BEV map file at location /home/mat/thesis/faster_rcnn_pytorch_multimodal/output/res101/waymo/lidar_a_bbox_a_cls_e_bbox_e_cls_train_all_24/trainval_drawn/iter_85013_0127190.png
Saving BEV map file at location /home/mat/thesis/faster_rcnn_pytorch_multimodal/output/res101/waymo/lidar_a_bbox_a_cls_e_bbox_e_cls_train_all_24/trainval_drawn/iter_85014_0000058.png
Warning: NaN or Inf found in input tensor.
Saving BEV map file at location /home/mat/thesis/faster_rcnn_pytorch_multimodal/output/res101/waymo/lidar_a_bbox_a_cls_e_bbox_e_cls_train_all_24/trainval_drawn/iter_85015_0149085.png
Wrote snapshot to: /home/mat/thesis/faster_rcnn_pytorch_multimodal/output/res101/waymo/lidar_a_bbox_a_cls_e_bbox_e_cls_train_all_24/lidar_res101_faster_rcnn_iter_85000.pth
saving at 272 [31932 15831  8708 ... 12257 14897 23289]
saving at 9347 [33238 23798 33700 ...  4972 63104 19825]
performing summary at iteration: 85248
performing summary at iteration: 85504
speed: 0.538s / iter
data_gen timer: 0.074s / iter
performing summary at iteration: 85760
performing summary at iteration: 86016
speed: 0.538s / iter
data_gen timer: 0.074s / iter
performing summary at iteration: 86272
performing summary at iteration: 86528
speed: 0.538s / iter
data_gen timer: 0.074s / iter
performing summary at iteration: 86784
performing summary at iteration: 87040
speed: 0.538s / iter
data_gen timer: 0.074s / iter
performing summary at iteration: 87296
performing summary at iteration: 87552
speed: 0.538s / iter
data_gen timer: 0.074s / iter
performing summary at iteration: 87808
performing summary at iteration: 88064
speed: 0.538s / iter
data_gen timer: 0.074s / iter
performing summary at iteration: 88320
performing summary at iteration: 88576
speed: 0.538s / iter
data_gen timer: 0.074s / iter
performing summary at iteration: 88832
performing summary at iteration: 89088
speed: 0.538s / iter
data_gen timer: 0.074s / iter
performing summary at iteration: 89344
performing summary at iteration: 89600
speed: 0.538s / iter
data_gen timer: 0.074s / iter
performing summary at iteration: 89856
Saving BEV map file at location /home/mat/thesis/faster_rcnn_pytorch_multimodal/output/res101/waymo/lidar_a_bbox_a_cls_e_bbox_e_cls_train_all_24/trainval_drawn/iter_90000_0153192.png
Saving BEV map file at location /home/mat/thesis/faster_rcnn_pytorch_multimodal/output/res101/waymo/lidar_a_bbox_a_cls_e_bbox_e_cls_train_all_24/trainval_drawn/iter_90001_0072140.png
Saving BEV map file at location /home/mat/thesis/faster_rcnn_pytorch_multimodal/output/res101/waymo/lidar_a_bbox_a_cls_e_bbox_e_cls_train_all_24/trainval_drawn/iter_90002_0027131.png
Saving BEV map file at location /home/mat/thesis/faster_rcnn_pytorch_multimodal/output/res101/waymo/lidar_a_bbox_a_cls_e_bbox_e_cls_train_all_24/trainval_drawn/iter_90003_0185133.png
Saving BEV map file at location /home/mat/thesis/faster_rcnn_pytorch_multimodal/output/res101/waymo/lidar_a_bbox_a_cls_e_bbox_e_cls_train_all_24/trainval_drawn/iter_90004_0063006.png
Saving BEV map file at location /home/mat/thesis/faster_rcnn_pytorch_multimodal/output/res101/waymo/lidar_a_bbox_a_cls_e_bbox_e_cls_train_all_24/trainval_drawn/iter_90005_0143039.png
Saving BEV map file at location /home/mat/thesis/faster_rcnn_pytorch_multimodal/output/res101/waymo/lidar_a_bbox_a_cls_e_bbox_e_cls_train_all_24/trainval_drawn/iter_90006_0091088.png
Saving BEV map file at location /home/mat/thesis/faster_rcnn_pytorch_multimodal/output/res101/waymo/lidar_a_bbox_a_cls_e_bbox_e_cls_train_all_24/trainval_drawn/iter_90007_0004087.png
Saving BEV map file at location /home/mat/thesis/faster_rcnn_pytorch_multimodal/output/res101/waymo/lidar_a_bbox_a_cls_e_bbox_e_cls_train_all_24/trainval_drawn/iter_90008_0176131.png
Saving BEV map file at location /home/mat/thesis/faster_rcnn_pytorch_multimodal/output/res101/waymo/lidar_a_bbox_a_cls_e_bbox_e_cls_train_all_24/trainval_drawn/iter_90009_0171104.png
Saving BEV map file at location /home/mat/thesis/faster_rcnn_pytorch_multimodal/output/res101/waymo/lidar_a_bbox_a_cls_e_bbox_e_cls_train_all_24/trainval_drawn/iter_90010_0007116.png
Saving BEV map file at location /home/mat/thesis/faster_rcnn_pytorch_multimodal/output/res101/waymo/lidar_a_bbox_a_cls_e_bbox_e_cls_train_all_24/trainval_drawn/iter_90011_0166162.png
Saving BEV map file at location /home/mat/thesis/faster_rcnn_pytorch_multimodal/output/res101/waymo/lidar_a_bbox_a_cls_e_bbox_e_cls_train_all_24/trainval_drawn/iter_90012_0029047.png
Saving BEV map file at location /home/mat/thesis/faster_rcnn_pytorch_multimodal/output/res101/waymo/lidar_a_bbox_a_cls_e_bbox_e_cls_train_all_24/trainval_drawn/iter_90013_0090181.png
Saving BEV map file at location /home/mat/thesis/faster_rcnn_pytorch_multimodal/output/res101/waymo/lidar_a_bbox_a_cls_e_bbox_e_cls_train_all_24/trainval_drawn/iter_90014_0128133.png
Warning: NaN or Inf found in input tensor.
Saving BEV map file at location /home/mat/thesis/faster_rcnn_pytorch_multimodal/output/res101/waymo/lidar_a_bbox_a_cls_e_bbox_e_cls_train_all_24/trainval_drawn/iter_90015_0112067.png
Wrote snapshot to: /home/mat/thesis/faster_rcnn_pytorch_multimodal/output/res101/waymo/lidar_a_bbox_a_cls_e_bbox_e_cls_train_all_24/lidar_res101_faster_rcnn_iter_90000.pth